[32m2025-06-19 08:52:48,640 - INFO - ã€è¯·æ±‚æ–¹æ³•ã€‘POST[0m
[32m2025-06-19 08:52:48,640 - INFO - ã€è¯·æ±‚åœ°å€ã€‘https://reqres.in/api/register[0m
[32m2025-06-19 08:52:48,641 - INFO - ã€è¯·æ±‚å‚æ•°ã€‘{'headers': {'x-api-key': 'reqres-free-v1', 'Content-Type': 'application/json'}, 'json': {'email': 'eve.holt@reqres.in', 'password': 'pistol'}}[0m
[32m2025-06-19 08:52:50,115 - INFO - ã€å“åº”çŠ¶æ€ç ã€‘200[0m
[32m2025-06-19 08:52:50,116 - INFO - ã€å“åº”å†…å®¹ã€‘{"id":4,"token":"QpwL5tke4Pnpja7X4"}[0m
[32m2025-06-19 08:52:50,116 - INFO - ------------------------------------------------------------[0m
[32m2025-06-19 08:52:50,121 - INFO - ã€è¯·æ±‚æ–¹æ³•ã€‘POST[0m
[32m2025-06-19 08:52:50,122 - INFO - ã€è¯·æ±‚åœ°å€ã€‘https://reqres.in/api/register[0m
[32m2025-06-19 08:52:50,122 - INFO - ã€è¯·æ±‚å‚æ•°ã€‘{'headers': {'x-api-key': 'reqres-free-v1', 'Content-Type': 'application/json'}, 'json': {'email': 'eve.holt@reqres.in', 'password': None}}[0m
[32m2025-06-19 08:52:51,559 - INFO - ã€å“åº”çŠ¶æ€ç ã€‘400[0m
[32m2025-06-19 08:52:51,560 - INFO - ã€å“åº”å†…å®¹ã€‘{"error":"Missing password"}[0m
[32m2025-06-19 08:52:51,560 - INFO - ------------------------------------------------------------[0m
[32m2025-06-19 08:52:51,566 - INFO - ã€è¯·æ±‚æ–¹æ³•ã€‘POST[0m
[32m2025-06-19 08:52:51,567 - INFO - ã€è¯·æ±‚åœ°å€ã€‘https://reqres.in/api/register[0m
[32m2025-06-19 08:52:51,568 - INFO - ã€è¯·æ±‚å‚æ•°ã€‘{'headers': {'x-api-key': 'reqres-free-v1', 'Content-Type': 'application/json'}, 'json': {'email': None, 'password': 'pistol'}}[0m
[32m2025-06-19 08:52:53,120 - INFO - ã€å“åº”çŠ¶æ€ç ã€‘400[0m
[32m2025-06-19 08:52:53,121 - INFO - ã€å“åº”å†…å®¹ã€‘{"error":"Missing email or username"}[0m
[32m2025-06-19 08:52:53,121 - INFO - ------------------------------------------------------------[0m
[32m2025-06-19 08:52:53,128 - INFO - ã€è¯·æ±‚æ–¹æ³•ã€‘POST[0m
[32m2025-06-19 08:52:53,129 - INFO - ã€è¯·æ±‚åœ°å€ã€‘https://reqres.in/api/register[0m
[32m2025-06-19 08:52:53,129 - INFO - ã€è¯·æ±‚å‚æ•°ã€‘{'headers': {'x-api-key': 'reqres-free-v1', 'Content-Type': 'application/json'}, 'json': {'email': 'invalid@email.com', 'password': 123456}}[0m
[32m2025-06-19 08:52:54,756 - INFO - ã€å“åº”çŠ¶æ€ç ã€‘400[0m
[32m2025-06-19 08:52:54,757 - INFO - ã€å“åº”å†…å®¹ã€‘{"error":"Note: Only defined users succeed registration"}[0m
[32m2025-06-19 08:52:54,757 - INFO - ------------------------------------------------------------[0m
[32m2025-06-19 09:41:37,420 - INFO - ã€è¯·æ±‚æ–¹æ³•ã€‘POST[0m
[32m2025-06-19 09:41:37,420 - INFO - ã€è¯·æ±‚åœ°å€ã€‘https://reqres.in/api/users[0m
[32m2025-06-19 09:41:37,420 - INFO - ã€è¯·æ±‚å‚æ•°ã€‘{'headers': {'x-api-key': 'reqres-free-v1', 'Content-Type': 'application/json'}, 'json': {'name': 'morpheus', 'job': 'leader'}}[0m
[32m2025-06-19 09:41:40,177 - INFO - ã€å“åº”çŠ¶æ€ç ã€‘201[0m
[32m2025-06-19 09:41:40,178 - INFO - ã€å“åº”å†…å®¹ã€‘{"name":"morpheus","job":"leader","id":"221","createdAt":"2025-06-19T01:47:15.314Z"}[0m
[32m2025-06-19 09:41:40,179 - INFO - ------------------------------------------------------------[0m
[32m2025-06-19 09:41:40,180 - INFO - ã€è¯·æ±‚æ–¹æ³•ã€‘GET[0m
[32m2025-06-19 09:41:40,180 - INFO - ã€è¯·æ±‚åœ°å€ã€‘https://reqres.in/api/users/2[0m
[32m2025-06-19 09:41:40,181 - INFO - ã€è¯·æ±‚å‚æ•°ã€‘{'headers': {'x-api-key': 'reqres-free-v1', 'Content-Type': 'application/json'}}[0m
[32m2025-06-19 09:41:41,468 - INFO - ã€å“åº”çŠ¶æ€ç ã€‘200[0m
[32m2025-06-19 09:41:41,468 - INFO - ã€å“åº”å†…å®¹ã€‘{"data":{"id":2,"email":"janet.weaver@reqres.in","first_name":"Janet","last_name":"Weaver","avatar":"https://reqres.in/img/faces/2-image.jpg"},"support":{"url":"https://contentcaddy.io?utm_source=reqres&utm_medium=json&utm_campaign=referral","text":"Tired of writing endless social media content? Let Content Caddy generate it for you."}}[0m
[32m2025-06-19 09:41:41,469 - INFO - ------------------------------------------------------------[0m
[32m2025-06-19 09:41:41,469 - INFO - ã€è¯·æ±‚æ–¹æ³•ã€‘POST[0m
[32m2025-06-19 09:41:41,470 - INFO - ã€è¯·æ±‚åœ°å€ã€‘https://reqres.in/api/login[0m
[32m2025-06-19 09:41:41,470 - INFO - ã€è¯·æ±‚å‚æ•°ã€‘{'json': {'email': 'peter@klaven'}, 'headers': {'x-api-key': 'reqres-free-v1', 'Content-Type': 'application/json'}}[0m
[32m2025-06-19 09:41:43,091 - INFO - ã€å“åº”çŠ¶æ€ç ã€‘400[0m
[32m2025-06-19 09:41:43,092 - INFO - ã€å“åº”å†…å®¹ã€‘{"error":"Missing password"}[0m
[32m2025-06-19 09:41:43,092 - INFO - ------------------------------------------------------------[0m
[32m2025-06-19 09:41:43,093 - INFO - ã€è¯·æ±‚æ–¹æ³•ã€‘POST[0m
[32m2025-06-19 09:41:43,093 - INFO - ã€è¯·æ±‚åœ°å€ã€‘https://reqres.in/api/login[0m
[32m2025-06-19 09:41:43,094 - INFO - ã€è¯·æ±‚å‚æ•°ã€‘{'json': {'email': 'eve.holt@reqres.in', 'password': 'cityslicka'}, 'headers': {'x-api-key': 'reqres-free-v1', 'Content-Type': 'application/json'}}[0m
[32m2025-06-19 09:41:45,152 - INFO - ã€å“åº”çŠ¶æ€ç ã€‘200[0m
[32m2025-06-19 09:41:45,152 - INFO - ã€å“åº”å†…å®¹ã€‘{"token":"QpwL5tke4Pnpja7X4"}[0m
[32m2025-06-19 09:41:45,153 - INFO - ------------------------------------------------------------[0m
[32m2025-06-19 09:41:45,154 - INFO - ã€è¯·æ±‚æ–¹æ³•ã€‘POST[0m
[32m2025-06-19 09:41:45,155 - INFO - ã€è¯·æ±‚åœ°å€ã€‘https://reqres.in/api/register[0m
[32m2025-06-19 09:41:45,155 - INFO - ã€è¯·æ±‚å‚æ•°ã€‘{'headers': {'x-api-key': 'reqres-free-v1', 'Content-Type': 'application/json'}, 'json': {'email': 'eve.holt@reqres.in', 'password': 'pistol'}}[0m
[32m2025-06-19 09:41:46,667 - INFO - ã€å“åº”çŠ¶æ€ç ã€‘200[0m
[32m2025-06-19 09:41:46,668 - INFO - ã€å“åº”å†…å®¹ã€‘{"id":4,"token":"QpwL5tke4Pnpja7X4"}[0m
[32m2025-06-19 09:41:46,668 - INFO - ------------------------------------------------------------[0m
[32m2025-06-19 09:41:46,669 - INFO - ã€è¯·æ±‚æ–¹æ³•ã€‘POST[0m
[32m2025-06-19 09:41:46,669 - INFO - ã€è¯·æ±‚åœ°å€ã€‘https://reqres.in/api/register[0m
[32m2025-06-19 09:41:46,670 - INFO - ã€è¯·æ±‚å‚æ•°ã€‘{'headers': {'x-api-key': 'reqres-free-v1', 'Content-Type': 'application/json'}, 'json': {'email': 'eve.holt@reqres.in', 'password': None}}[0m
[32m2025-06-19 09:41:48,205 - INFO - ã€å“åº”çŠ¶æ€ç ã€‘400[0m
[32m2025-06-19 09:41:48,206 - INFO - ã€å“åº”å†…å®¹ã€‘{"error":"Missing password"}[0m
[32m2025-06-19 09:41:48,206 - INFO - ------------------------------------------------------------[0m
[32m2025-06-19 09:41:48,207 - INFO - ã€è¯·æ±‚æ–¹æ³•ã€‘POST[0m
[32m2025-06-19 09:41:48,207 - INFO - ã€è¯·æ±‚åœ°å€ã€‘https://reqres.in/api/register[0m
[32m2025-06-19 09:41:48,207 - INFO - ã€è¯·æ±‚å‚æ•°ã€‘{'headers': {'x-api-key': 'reqres-free-v1', 'Content-Type': 'application/json'}, 'json': {'email': None, 'password': 'pistol'}}[0m
[32m2025-06-19 09:41:50,392 - INFO - ã€å“åº”çŠ¶æ€ç ã€‘400[0m
[32m2025-06-19 09:41:50,393 - INFO - ã€å“åº”å†…å®¹ã€‘{"error":"Missing email or username"}[0m
[32m2025-06-19 09:41:50,393 - INFO - ------------------------------------------------------------[0m
[32m2025-06-19 09:41:50,404 - INFO - ã€è¯·æ±‚æ–¹æ³•ã€‘POST[0m
[32m2025-06-19 09:41:50,405 - INFO - ã€è¯·æ±‚åœ°å€ã€‘https://reqres.in/api/register[0m
[32m2025-06-19 09:41:50,405 - INFO - ã€è¯·æ±‚å‚æ•°ã€‘{'headers': {'x-api-key': 'reqres-free-v1', 'Content-Type': 'application/json'}, 'json': {'email': 'invalid@email.com', 'password': 123456}}[0m
[32m2025-06-19 09:41:51,855 - INFO - ã€å“åº”çŠ¶æ€ç ã€‘400[0m
[32m2025-06-19 09:41:51,855 - INFO - ã€å“åº”å†…å®¹ã€‘{"error":"Note: Only defined users succeed registration"}[0m
[32m2025-06-19 09:41:51,856 - INFO - ------------------------------------------------------------[0m
[32m2025-06-19 09:41:51,856 - INFO - ã€è¯·æ±‚æ–¹æ³•ã€‘PUT[0m
[32m2025-06-19 09:41:51,857 - INFO - ã€è¯·æ±‚åœ°å€ã€‘https://reqres.in/api/users/2[0m
[32m2025-06-19 09:41:51,857 - INFO - ã€è¯·æ±‚å‚æ•°ã€‘{'headers': {'x-api-key': 'reqres-free-v1', 'Content-Type': 'application/json'}, 'json': {'name': 'morpheus', 'job': 'zion resident'}}[0m
[32m2025-06-19 09:41:53,455 - INFO - ã€å“åº”çŠ¶æ€ç ã€‘200[0m
[32m2025-06-19 09:41:53,456 - INFO - ã€å“åº”å†…å®¹ã€‘{"name":"morpheus","job":"zion resident","updatedAt":"2025-06-19T01:47:28.584Z"}[0m
[32m2025-06-19 09:41:53,456 - INFO - ------------------------------------------------------------[0m
[32m2025-06-19 09:42:56,982 - INFO - ã€è¯·æ±‚æ–¹æ³•ã€‘POST[0m
[32m2025-06-19 09:42:56,982 - INFO - ã€è¯·æ±‚åœ°å€ã€‘https://reqres.in/api/users[0m
[32m2025-06-19 09:42:56,982 - INFO - ã€è¯·æ±‚å‚æ•°ã€‘{'headers': {'x-api-key': 'reqres-free-v1', 'Content-Type': 'application/json'}, 'json': {'name': 'morpheus', 'job': 'leader'}}[0m
[32m2025-06-19 09:42:58,472 - INFO - ã€å“åº”çŠ¶æ€ç ã€‘201[0m
[32m2025-06-19 09:42:58,472 - INFO - ã€å“åº”å†…å®¹ã€‘{"name":"morpheus","job":"leader","id":"333","createdAt":"2025-06-19T01:48:33.615Z"}[0m
[32m2025-06-19 09:42:58,476 - INFO - ------------------------------------------------------------[0m
[32m2025-06-19 09:42:58,476 - INFO - ã€è¯·æ±‚æ–¹æ³•ã€‘GET[0m
[32m2025-06-19 09:42:58,476 - INFO - ã€è¯·æ±‚åœ°å€ã€‘https://reqres.in/api/users/2[0m
[32m2025-06-19 09:42:58,476 - INFO - ã€è¯·æ±‚å‚æ•°ã€‘{'headers': {'x-api-key': 'reqres-free-v1', 'Content-Type': 'application/json'}}[0m
[32m2025-06-19 09:42:59,691 - INFO - ã€å“åº”çŠ¶æ€ç ã€‘200[0m
[32m2025-06-19 09:42:59,691 - INFO - ã€å“åº”å†…å®¹ã€‘{"data":{"id":2,"email":"janet.weaver@reqres.in","first_name":"Janet","last_name":"Weaver","avatar":"https://reqres.in/img/faces/2-image.jpg"},"support":{"url":"https://contentcaddy.io?utm_source=reqres&utm_medium=json&utm_campaign=referral","text":"Tired of writing endless social media content? Let Content Caddy generate it for you."}}[0m
[32m2025-06-19 09:42:59,692 - INFO - ------------------------------------------------------------[0m
[32m2025-06-19 09:42:59,693 - INFO - ã€è¯·æ±‚æ–¹æ³•ã€‘POST[0m
[32m2025-06-19 09:42:59,693 - INFO - ã€è¯·æ±‚åœ°å€ã€‘https://reqres.in/api/login[0m
[32m2025-06-19 09:42:59,694 - INFO - ã€è¯·æ±‚å‚æ•°ã€‘{'json': {'email': 'peter@klaven'}, 'headers': {'x-api-key': 'reqres-free-v1', 'Content-Type': 'application/json'}}[0m
[32m2025-06-19 09:43:01,155 - INFO - ã€å“åº”çŠ¶æ€ç ã€‘400[0m
[32m2025-06-19 09:43:01,155 - INFO - ã€å“åº”å†…å®¹ã€‘{"error":"Missing password"}[0m
[32m2025-06-19 09:43:01,156 - INFO - ------------------------------------------------------------[0m
[32m2025-06-19 09:43:01,157 - INFO - ã€è¯·æ±‚æ–¹æ³•ã€‘POST[0m
[32m2025-06-19 09:43:01,157 - INFO - ã€è¯·æ±‚åœ°å€ã€‘https://reqres.in/api/login[0m
[32m2025-06-19 09:43:01,157 - INFO - ã€è¯·æ±‚å‚æ•°ã€‘{'json': {'email': 'eve.holt@reqres.in', 'password': 'cityslicka'}, 'headers': {'x-api-key': 'reqres-free-v1', 'Content-Type': 'application/json'}}[0m
[32m2025-06-19 09:43:02,625 - INFO - ã€å“åº”çŠ¶æ€ç ã€‘200[0m
[32m2025-06-19 09:43:02,625 - INFO - ã€å“åº”å†…å®¹ã€‘{"token":"QpwL5tke4Pnpja7X4"}[0m
[32m2025-06-19 09:43:02,625 - INFO - ------------------------------------------------------------[0m
[32m2025-06-19 09:43:02,625 - INFO - ã€è¯·æ±‚æ–¹æ³•ã€‘POST[0m
[32m2025-06-19 09:43:02,625 - INFO - ã€è¯·æ±‚åœ°å€ã€‘https://reqres.in/api/register[0m
[32m2025-06-19 09:43:02,626 - INFO - ã€è¯·æ±‚å‚æ•°ã€‘{'headers': {'x-api-key': 'reqres-free-v1', 'Content-Type': 'application/json'}, 'json': {'email': 'eve.holt@reqres.in', 'password': 'pistol'}}[0m
[32m2025-06-19 09:43:04,087 - INFO - ã€å“åº”çŠ¶æ€ç ã€‘200[0m
[32m2025-06-19 09:43:04,088 - INFO - ã€å“åº”å†…å®¹ã€‘{"id":4,"token":"QpwL5tke4Pnpja7X4"}[0m
[32m2025-06-19 09:43:04,088 - INFO - ------------------------------------------------------------[0m
[32m2025-06-19 09:43:04,089 - INFO - ã€è¯·æ±‚æ–¹æ³•ã€‘POST[0m
[32m2025-06-19 09:43:04,089 - INFO - ã€è¯·æ±‚åœ°å€ã€‘https://reqres.in/api/register[0m
[32m2025-06-19 09:43:04,089 - INFO - ã€è¯·æ±‚å‚æ•°ã€‘{'headers': {'x-api-key': 'reqres-free-v1', 'Content-Type': 'application/json'}, 'json': {'email': 'eve.holt@reqres.in', 'password': None}}[0m
[32m2025-06-19 09:43:05,533 - INFO - ã€å“åº”çŠ¶æ€ç ã€‘400[0m
[32m2025-06-19 09:43:05,533 - INFO - ã€å“åº”å†…å®¹ã€‘{"error":"Missing password"}[0m
[32m2025-06-19 09:43:05,533 - INFO - ------------------------------------------------------------[0m
[32m2025-06-19 09:43:05,534 - INFO - ã€è¯·æ±‚æ–¹æ³•ã€‘POST[0m
[32m2025-06-19 09:43:05,534 - INFO - ã€è¯·æ±‚åœ°å€ã€‘https://reqres.in/api/register[0m
[32m2025-06-19 09:43:05,534 - INFO - ã€è¯·æ±‚å‚æ•°ã€‘{'headers': {'x-api-key': 'reqres-free-v1', 'Content-Type': 'application/json'}, 'json': {'email': None, 'password': 'pistol'}}[0m
[32m2025-06-19 09:43:07,305 - INFO - ã€å“åº”çŠ¶æ€ç ã€‘400[0m
[32m2025-06-19 09:43:07,305 - INFO - ã€å“åº”å†…å®¹ã€‘{"error":"Missing email or username"}[0m
[32m2025-06-19 09:43:07,305 - INFO - ------------------------------------------------------------[0m
[32m2025-06-19 09:43:07,305 - INFO - ã€è¯·æ±‚æ–¹æ³•ã€‘POST[0m
[32m2025-06-19 09:43:07,305 - INFO - ã€è¯·æ±‚åœ°å€ã€‘https://reqres.in/api/register[0m
[32m2025-06-19 09:43:07,305 - INFO - ã€è¯·æ±‚å‚æ•°ã€‘{'headers': {'x-api-key': 'reqres-free-v1', 'Content-Type': 'application/json'}, 'json': {'email': 'invalid@email.com', 'password': 123456}}[0m
[32m2025-06-19 09:43:08,959 - INFO - ã€å“åº”çŠ¶æ€ç ã€‘400[0m
[32m2025-06-19 09:43:08,959 - INFO - ã€å“åº”å†…å®¹ã€‘{"error":"Note: Only defined users succeed registration"}[0m
[32m2025-06-19 09:43:08,959 - INFO - ------------------------------------------------------------[0m
[32m2025-06-19 09:43:08,959 - INFO - ã€è¯·æ±‚æ–¹æ³•ã€‘PUT[0m
[32m2025-06-19 09:43:08,959 - INFO - ã€è¯·æ±‚åœ°å€ã€‘https://reqres.in/api/users/2[0m
[32m2025-06-19 09:43:08,959 - INFO - ã€è¯·æ±‚å‚æ•°ã€‘{'headers': {'x-api-key': 'reqres-free-v1', 'Content-Type': 'application/json'}, 'json': {'name': 'morpheus', 'job': 'zion resident'}}[0m
[32m2025-06-19 09:43:11,126 - INFO - ã€å“åº”çŠ¶æ€ç ã€‘200[0m
[32m2025-06-19 09:43:11,127 - INFO - ã€å“åº”å†…å®¹ã€‘{"name":"morpheus","job":"zion resident","updatedAt":"2025-06-19T01:48:46.262Z"}[0m
[32m2025-06-19 09:43:11,127 - INFO - ------------------------------------------------------------[0m
[32m2025-06-19 09:51:32,367 - INFO - ã€è¯·æ±‚æ–¹æ³•ã€‘POST[0m
[32m2025-06-19 09:51:32,368 - INFO - ã€è¯·æ±‚åœ°å€ã€‘https://reqres.in/api/users[0m
[32m2025-06-19 09:51:32,368 - INFO - ã€è¯·æ±‚å‚æ•°ã€‘{'headers': {'x-api-key': 'reqres-free-v1', 'Content-Type': 'application/json'}, 'json': {'name': 'morpheus', 'job': 'leader'}}[0m
[32m2025-06-19 09:51:33,888 - INFO - ã€å“åº”çŠ¶æ€ç ã€‘201[0m
[32m2025-06-19 09:51:33,889 - INFO - ã€å“åº”å†…å®¹ã€‘{"name":"morpheus","job":"leader","id":"941","createdAt":"2025-06-19T01:57:09.033Z"}[0m
[32m2025-06-19 09:51:33,889 - INFO - ------------------------------------------------------------[0m
[32m2025-06-19 09:51:33,891 - INFO - ã€è¯·æ±‚æ–¹æ³•ã€‘GET[0m
[32m2025-06-19 09:51:33,891 - INFO - ã€è¯·æ±‚åœ°å€ã€‘https://reqres.in/api/users/2[0m
[32m2025-06-19 09:51:33,891 - INFO - ã€è¯·æ±‚å‚æ•°ã€‘{'headers': {'x-api-key': 'reqres-free-v1', 'Content-Type': 'application/json'}}[0m
[32m2025-06-19 09:51:36,260 - INFO - ã€å“åº”çŠ¶æ€ç ã€‘200[0m
[32m2025-06-19 09:51:36,260 - INFO - ã€å“åº”å†…å®¹ã€‘{"data":{"id":2,"email":"janet.weaver@reqres.in","first_name":"Janet","last_name":"Weaver","avatar":"https://reqres.in/img/faces/2-image.jpg"},"support":{"url":"https://contentcaddy.io?utm_source=reqres&utm_medium=json&utm_campaign=referral","text":"Tired of writing endless social media content? Let Content Caddy generate it for you."}}[0m
[32m2025-06-19 09:51:36,260 - INFO - ------------------------------------------------------------[0m
[32m2025-06-19 09:51:36,260 - INFO - ã€è¯·æ±‚æ–¹æ³•ã€‘POST[0m
[32m2025-06-19 09:51:36,260 - INFO - ã€è¯·æ±‚åœ°å€ã€‘https://reqres.in/api/login[0m
[32m2025-06-19 09:51:36,260 - INFO - ã€è¯·æ±‚å‚æ•°ã€‘{'json': {'email': 'peter@klaven'}, 'headers': {'x-api-key': 'reqres-free-v1', 'Content-Type': 'application/json'}}[0m
[32m2025-06-19 09:51:37,731 - INFO - ã€å“åº”çŠ¶æ€ç ã€‘400[0m
[32m2025-06-19 09:51:37,731 - INFO - ã€å“åº”å†…å®¹ã€‘{"error":"Missing password"}[0m
[32m2025-06-19 09:51:37,732 - INFO - ------------------------------------------------------------[0m
[32m2025-06-19 09:51:37,732 - INFO - ã€è¯·æ±‚æ–¹æ³•ã€‘POST[0m
[32m2025-06-19 09:51:37,733 - INFO - ã€è¯·æ±‚åœ°å€ã€‘https://reqres.in/api/login[0m
[32m2025-06-19 09:51:37,733 - INFO - ã€è¯·æ±‚å‚æ•°ã€‘{'json': {'email': 'eve.holt@reqres.in', 'password': 'cityslicka'}, 'headers': {'x-api-key': 'reqres-free-v1', 'Content-Type': 'application/json'}}[0m
[32m2025-06-19 09:51:39,506 - INFO - ã€å“åº”çŠ¶æ€ç ã€‘200[0m
[32m2025-06-19 09:51:39,506 - INFO - ã€å“åº”å†…å®¹ã€‘{"token":"QpwL5tke4Pnpja7X4"}[0m
[32m2025-06-19 09:51:39,507 - INFO - ------------------------------------------------------------[0m
[32m2025-06-19 09:51:39,507 - INFO - ã€è¯·æ±‚æ–¹æ³•ã€‘POST[0m
[32m2025-06-19 09:51:39,507 - INFO - ã€è¯·æ±‚åœ°å€ã€‘https://reqres.in/api/register[0m
[32m2025-06-19 09:51:39,507 - INFO - ã€è¯·æ±‚å‚æ•°ã€‘{'headers': {'x-api-key': 'reqres-free-v1', 'Content-Type': 'application/json'}, 'json': {'email': 'eve.holt@reqres.in', 'password': 'pistol'}}[0m
[32m2025-06-19 09:51:41,117 - INFO - ã€å“åº”çŠ¶æ€ç ã€‘200[0m
[32m2025-06-19 09:51:41,117 - INFO - ã€å“åº”å†…å®¹ã€‘{"id":4,"token":"QpwL5tke4Pnpja7X4"}[0m
[32m2025-06-19 09:51:41,118 - INFO - ------------------------------------------------------------[0m
[32m2025-06-19 09:51:41,118 - INFO - ã€è¯·æ±‚æ–¹æ³•ã€‘POST[0m
[32m2025-06-19 09:51:41,118 - INFO - ã€è¯·æ±‚åœ°å€ã€‘https://reqres.in/api/register[0m
[32m2025-06-19 09:51:41,118 - INFO - ã€è¯·æ±‚å‚æ•°ã€‘{'headers': {'x-api-key': 'reqres-free-v1', 'Content-Type': 'application/json'}, 'json': {'email': 'eve.holt@reqres.in', 'password': None}}[0m
[32m2025-06-19 09:51:43,903 - INFO - ã€å“åº”çŠ¶æ€ç ã€‘400[0m
[32m2025-06-19 09:51:43,903 - INFO - ã€å“åº”å†…å®¹ã€‘{"error":"Missing password"}[0m
[32m2025-06-19 09:51:43,903 - INFO - ------------------------------------------------------------[0m
[32m2025-06-19 09:51:43,905 - INFO - ã€è¯·æ±‚æ–¹æ³•ã€‘POST[0m
[32m2025-06-19 09:51:43,905 - INFO - ã€è¯·æ±‚åœ°å€ã€‘https://reqres.in/api/register[0m
[32m2025-06-19 09:51:43,905 - INFO - ã€è¯·æ±‚å‚æ•°ã€‘{'headers': {'x-api-key': 'reqres-free-v1', 'Content-Type': 'application/json'}, 'json': {'email': None, 'password': 'pistol'}}[0m
[32m2025-06-19 09:51:45,667 - INFO - ã€å“åº”çŠ¶æ€ç ã€‘400[0m
[32m2025-06-19 09:51:45,667 - INFO - ã€å“åº”å†…å®¹ã€‘{"error":"Missing email or username"}[0m
[32m2025-06-19 09:51:45,668 - INFO - ------------------------------------------------------------[0m
[32m2025-06-19 09:51:45,669 - INFO - ã€è¯·æ±‚æ–¹æ³•ã€‘POST[0m
[32m2025-06-19 09:51:45,669 - INFO - ã€è¯·æ±‚åœ°å€ã€‘https://reqres.in/api/register[0m
[32m2025-06-19 09:51:45,670 - INFO - ã€è¯·æ±‚å‚æ•°ã€‘{'headers': {'x-api-key': 'reqres-free-v1', 'Content-Type': 'application/json'}, 'json': {'email': 'invalid@email.com', 'password': 123456}}[0m
[32m2025-06-19 09:51:47,116 - INFO - ã€å“åº”çŠ¶æ€ç ã€‘400[0m
[32m2025-06-19 09:51:47,117 - INFO - ã€å“åº”å†…å®¹ã€‘{"error":"Note: Only defined users succeed registration"}[0m
[32m2025-06-19 09:51:47,117 - INFO - ------------------------------------------------------------[0m
[32m2025-06-19 09:51:47,118 - INFO - ã€è¯·æ±‚æ–¹æ³•ã€‘PUT[0m
[32m2025-06-19 09:51:47,119 - INFO - ã€è¯·æ±‚åœ°å€ã€‘https://reqres.in/api/users/2[0m
[32m2025-06-19 09:51:47,119 - INFO - ã€è¯·æ±‚å‚æ•°ã€‘{'headers': {'x-api-key': 'reqres-free-v1', 'Content-Type': 'application/json'}, 'json': {'name': 'morpheus', 'job': 'zion resident'}}[0m
[32m2025-06-19 09:51:48,597 - INFO - ã€å“åº”çŠ¶æ€ç ã€‘200[0m
[32m2025-06-19 09:51:48,597 - INFO - ã€å“åº”å†…å®¹ã€‘{"name":"morpheus","job":"zion resident","updatedAt":"2025-06-19T01:57:23.747Z"}[0m
[32m2025-06-19 09:51:48,597 - INFO - ------------------------------------------------------------[0m
[32m2025-06-19 10:12:04,718 - INFO - ã€è¯·æ±‚æ–¹æ³•ã€‘POST[0m
[32m2025-06-19 10:12:04,718 - INFO - ã€è¯·æ±‚åœ°å€ã€‘https://reqres.in/api/users[0m
[32m2025-06-19 10:12:04,718 - INFO - ã€è¯·æ±‚å‚æ•°ã€‘{'headers': {'x-api-key': 'reqres-free-v1', 'Content-Type': 'application/json'}, 'json': {'name': 'morpheus', 'job': 'leader'}}[0m
[32m2025-06-19 10:12:06,198 - INFO - ã€å“åº”çŠ¶æ€ç ã€‘201[0m
[32m2025-06-19 10:12:06,199 - INFO - ã€å“åº”å†…å®¹ã€‘{"name":"morpheus","job":"leader","id":"1","createdAt":"2025-06-19T02:17:41.384Z"}[0m
[32m2025-06-19 10:12:06,199 - INFO - ------------------------------------------------------------[0m
[32m2025-06-19 10:12:06,199 - INFO - ã€è¯·æ±‚æ–¹æ³•ã€‘GET[0m
[32m2025-06-19 10:12:06,200 - INFO - ã€è¯·æ±‚åœ°å€ã€‘https://reqres.in/api/users/2[0m
[32m2025-06-19 10:12:06,200 - INFO - ã€è¯·æ±‚å‚æ•°ã€‘{'headers': {'x-api-key': 'reqres-free-v1', 'Content-Type': 'application/json'}}[0m
[32m2025-06-19 10:12:07,438 - INFO - ã€å“åº”çŠ¶æ€ç ã€‘200[0m
[32m2025-06-19 10:12:07,439 - INFO - ã€å“åº”å†…å®¹ã€‘{"data":{"id":2,"email":"janet.weaver@reqres.in","first_name":"Janet","last_name":"Weaver","avatar":"https://reqres.in/img/faces/2-image.jpg"},"support":{"url":"https://contentcaddy.io?utm_source=reqres&utm_medium=json&utm_campaign=referral","text":"Tired of writing endless social media content? Let Content Caddy generate it for you."}}[0m
[32m2025-06-19 10:12:07,439 - INFO - ------------------------------------------------------------[0m
[32m2025-06-19 10:12:07,439 - INFO - ã€è¯·æ±‚æ–¹æ³•ã€‘POST[0m
[32m2025-06-19 10:12:07,439 - INFO - ã€è¯·æ±‚åœ°å€ã€‘https://reqres.in/api/login[0m
[32m2025-06-19 10:12:07,439 - INFO - ã€è¯·æ±‚å‚æ•°ã€‘{'json': {'email': 'peter@klaven'}, 'headers': {'x-api-key': 'reqres-free-v1', 'Content-Type': 'application/json'}}[0m
[32m2025-06-19 10:12:08,912 - INFO - ã€å“åº”çŠ¶æ€ç ã€‘400[0m
[32m2025-06-19 10:12:08,912 - INFO - ã€å“åº”å†…å®¹ã€‘{"error":"Missing password"}[0m
[32m2025-06-19 10:12:08,912 - INFO - ------------------------------------------------------------[0m
[32m2025-06-19 10:12:08,913 - INFO - ã€è¯·æ±‚æ–¹æ³•ã€‘POST[0m
[32m2025-06-19 10:12:08,913 - INFO - ã€è¯·æ±‚åœ°å€ã€‘https://reqres.in/api/login[0m
[32m2025-06-19 10:12:08,913 - INFO - ã€è¯·æ±‚å‚æ•°ã€‘{'json': {'email': 'eve.holt@reqres.in', 'password': 'cityslicka'}, 'headers': {'x-api-key': 'reqres-free-v1', 'Content-Type': 'application/json'}}[0m
[32m2025-06-19 10:12:10,657 - INFO - ã€å“åº”çŠ¶æ€ç ã€‘200[0m
[32m2025-06-19 10:12:10,658 - INFO - ã€å“åº”å†…å®¹ã€‘{"token":"QpwL5tke4Pnpja7X4"}[0m
[32m2025-06-19 10:12:10,658 - INFO - ------------------------------------------------------------[0m
[32m2025-06-19 10:12:10,658 - INFO - ã€è¯·æ±‚æ–¹æ³•ã€‘POST[0m
[32m2025-06-19 10:12:10,658 - INFO - ã€è¯·æ±‚åœ°å€ã€‘https://reqres.in/api/register[0m
[32m2025-06-19 10:12:10,659 - INFO - ã€è¯·æ±‚å‚æ•°ã€‘{'headers': {'x-api-key': 'reqres-free-v1', 'Content-Type': 'application/json'}, 'json': {'email': 'eve.holt@reqres.in', 'password': 'pistol'}}[0m
[32m2025-06-19 10:12:12,094 - INFO - ã€å“åº”çŠ¶æ€ç ã€‘200[0m
[32m2025-06-19 10:12:12,095 - INFO - ã€å“åº”å†…å®¹ã€‘{"id":4,"token":"QpwL5tke4Pnpja7X4"}[0m
[32m2025-06-19 10:12:12,095 - INFO - ------------------------------------------------------------[0m
[32m2025-06-19 10:12:12,096 - INFO - ã€è¯·æ±‚æ–¹æ³•ã€‘POST[0m
[32m2025-06-19 10:12:12,096 - INFO - ã€è¯·æ±‚åœ°å€ã€‘https://reqres.in/api/register[0m
[32m2025-06-19 10:12:12,096 - INFO - ã€è¯·æ±‚å‚æ•°ã€‘{'headers': {'x-api-key': 'reqres-free-v1', 'Content-Type': 'application/json'}, 'json': {'email': 'eve.holt@reqres.in', 'password': None}}[0m
[32m2025-06-19 10:12:14,624 - INFO - ã€å“åº”çŠ¶æ€ç ã€‘400[0m
[32m2025-06-19 10:12:14,624 - INFO - ã€å“åº”å†…å®¹ã€‘{"error":"Missing password"}[0m
[32m2025-06-19 10:12:14,625 - INFO - ------------------------------------------------------------[0m
[32m2025-06-19 10:12:14,630 - INFO - ã€è¯·æ±‚æ–¹æ³•ã€‘POST[0m
[32m2025-06-19 10:12:14,630 - INFO - ã€è¯·æ±‚åœ°å€ã€‘https://reqres.in/api/register[0m
[32m2025-06-19 10:12:14,631 - INFO - ã€è¯·æ±‚å‚æ•°ã€‘{'headers': {'x-api-key': 'reqres-free-v1', 'Content-Type': 'application/json'}, 'json': {'email': None, 'password': 'pistol'}}[0m
[32m2025-06-19 10:12:16,110 - INFO - ã€å“åº”çŠ¶æ€ç ã€‘400[0m
[32m2025-06-19 10:12:16,110 - INFO - ã€å“åº”å†…å®¹ã€‘{"error":"Missing email or username"}[0m
[32m2025-06-19 10:12:16,110 - INFO - ------------------------------------------------------------[0m
[32m2025-06-19 10:12:16,110 - INFO - ã€è¯·æ±‚æ–¹æ³•ã€‘POST[0m
[32m2025-06-19 10:12:16,111 - INFO - ã€è¯·æ±‚åœ°å€ã€‘https://reqres.in/api/register[0m
[32m2025-06-19 10:12:16,111 - INFO - ã€è¯·æ±‚å‚æ•°ã€‘{'headers': {'x-api-key': 'reqres-free-v1', 'Content-Type': 'application/json'}, 'json': {'email': 'invalid@email.com', 'password': 123456}}[0m
[32m2025-06-19 10:12:17,610 - INFO - ã€å“åº”çŠ¶æ€ç ã€‘400[0m
[32m2025-06-19 10:12:17,610 - INFO - ã€å“åº”å†…å®¹ã€‘{"error":"Note: Only defined users succeed registration"}[0m
[32m2025-06-19 10:12:17,610 - INFO - ------------------------------------------------------------[0m
[32m2025-06-19 10:12:17,611 - INFO - ã€è¯·æ±‚æ–¹æ³•ã€‘PUT[0m
[32m2025-06-19 10:12:17,611 - INFO - ã€è¯·æ±‚åœ°å€ã€‘https://reqres.in/api/users/2[0m
[32m2025-06-19 10:12:17,611 - INFO - ã€è¯·æ±‚å‚æ•°ã€‘{'headers': {'x-api-key': 'reqres-free-v1', 'Content-Type': 'application/json'}, 'json': {'name': 'morpheus', 'job': 'zion resident'}}[0m
[32m2025-06-19 10:12:19,129 - INFO - ã€å“åº”çŠ¶æ€ç ã€‘200[0m
[32m2025-06-19 10:12:19,129 - INFO - ã€å“åº”å†…å®¹ã€‘{"name":"morpheus","job":"zion resident","updatedAt":"2025-06-19T02:17:54.304Z"}[0m
[32m2025-06-19 10:12:19,130 - INFO - ------------------------------------------------------------[0m
[32m2025-06-19 10:15:52,221 - INFO - ã€è¯·æ±‚æ–¹æ³•ã€‘POST[0m
[32m2025-06-19 10:15:52,221 - INFO - ã€è¯·æ±‚åœ°å€ã€‘https://reqres.in/api/users[0m
[32m2025-06-19 10:15:52,221 - INFO - ã€è¯·æ±‚å‚æ•°ã€‘{'headers': {'x-api-key': 'reqres-free-v1', 'Content-Type': 'application/json'}, 'json': {'name': 'morpheus', 'job': 'leader'}}[0m
[32m2025-06-19 10:15:53,708 - INFO - ã€å“åº”çŠ¶æ€ç ã€‘201[0m
[32m2025-06-19 10:15:53,709 - INFO - ã€å“åº”å†…å®¹ã€‘{"name":"morpheus","job":"leader","id":"669","createdAt":"2025-06-19T02:21:28.892Z"}[0m
[32m2025-06-19 10:15:53,710 - INFO - ------------------------------------------------------------[0m
[32m2025-06-19 10:15:53,711 - INFO - ã€è¯·æ±‚æ–¹æ³•ã€‘GET[0m
[32m2025-06-19 10:15:53,712 - INFO - ã€è¯·æ±‚åœ°å€ã€‘https://reqres.in/api/users/2[0m
[32m2025-06-19 10:15:53,712 - INFO - ã€è¯·æ±‚å‚æ•°ã€‘{'headers': {'x-api-key': 'reqres-free-v1', 'Content-Type': 'application/json'}}[0m
[32m2025-06-19 10:15:55,423 - INFO - ã€å“åº”çŠ¶æ€ç ã€‘200[0m
[32m2025-06-19 10:15:55,424 - INFO - ã€å“åº”å†…å®¹ã€‘{"data":{"id":2,"email":"janet.weaver@reqres.in","first_name":"Janet","last_name":"Weaver","avatar":"https://reqres.in/img/faces/2-image.jpg"},"support":{"url":"https://contentcaddy.io?utm_source=reqres&utm_medium=json&utm_campaign=referral","text":"Tired of writing endless social media content? Let Content Caddy generate it for you."}}[0m
[32m2025-06-19 10:15:55,424 - INFO - ------------------------------------------------------------[0m
[32m2025-06-19 10:15:55,425 - INFO - ã€è¯·æ±‚æ–¹æ³•ã€‘POST[0m
[32m2025-06-19 10:15:55,425 - INFO - ã€è¯·æ±‚åœ°å€ã€‘https://reqres.in/api/login[0m
[32m2025-06-19 10:15:55,426 - INFO - ã€è¯·æ±‚å‚æ•°ã€‘{'json': {'email': 'peter@klaven'}, 'headers': {'x-api-key': 'reqres-free-v1', 'Content-Type': 'application/json'}}[0m
[32m2025-06-19 10:15:57,947 - INFO - ã€å“åº”çŠ¶æ€ç ã€‘400[0m
[32m2025-06-19 10:15:57,948 - INFO - ã€å“åº”å†…å®¹ã€‘{"error":"Missing password"}[0m
[32m2025-06-19 10:15:57,948 - INFO - ------------------------------------------------------------[0m
[32m2025-06-19 10:15:57,949 - INFO - ã€è¯·æ±‚æ–¹æ³•ã€‘POST[0m
[32m2025-06-19 10:15:57,949 - INFO - ã€è¯·æ±‚åœ°å€ã€‘https://reqres.in/api/login[0m
[32m2025-06-19 10:15:57,949 - INFO - ã€è¯·æ±‚å‚æ•°ã€‘{'json': {'email': 'eve.holt@reqres.in', 'password': 'cityslicka'}, 'headers': {'x-api-key': 'reqres-free-v1', 'Content-Type': 'application/json'}}[0m
[32m2025-06-19 10:15:59,384 - INFO - ã€å“åº”çŠ¶æ€ç ã€‘200[0m
[32m2025-06-19 10:15:59,385 - INFO - ã€å“åº”å†…å®¹ã€‘{"token":"QpwL5tke4Pnpja7X4"}[0m
[32m2025-06-19 10:15:59,386 - INFO - ------------------------------------------------------------[0m
[32m2025-06-19 10:15:59,386 - INFO - ã€è¯·æ±‚æ–¹æ³•ã€‘POST[0m
[32m2025-06-19 10:15:59,387 - INFO - ã€è¯·æ±‚åœ°å€ã€‘https://reqres.in/api/register[0m
[32m2025-06-19 10:15:59,387 - INFO - ã€è¯·æ±‚å‚æ•°ã€‘{'headers': {'x-api-key': 'reqres-free-v1', 'Content-Type': 'application/json'}, 'json': {'email': 'eve.holt@reqres.in', 'password': 'pistol'}}[0m
[32m2025-06-19 10:16:00,921 - INFO - ã€å“åº”çŠ¶æ€ç ã€‘200[0m
[32m2025-06-19 10:16:00,921 - INFO - ã€å“åº”å†…å®¹ã€‘{"id":4,"token":"QpwL5tke4Pnpja7X4"}[0m
[32m2025-06-19 10:16:00,922 - INFO - ------------------------------------------------------------[0m
[32m2025-06-19 10:16:00,923 - INFO - ã€è¯·æ±‚æ–¹æ³•ã€‘POST[0m
[32m2025-06-19 10:16:00,923 - INFO - ã€è¯·æ±‚åœ°å€ã€‘https://reqres.in/api/register[0m
[32m2025-06-19 10:16:00,924 - INFO - ã€è¯·æ±‚å‚æ•°ã€‘{'headers': {'x-api-key': 'reqres-free-v1', 'Content-Type': 'application/json'}, 'json': {'email': 'eve.holt@reqres.in', 'password': None}}[0m
[32m2025-06-19 10:16:02,407 - INFO - ã€å“åº”çŠ¶æ€ç ã€‘400[0m
[32m2025-06-19 10:16:02,407 - INFO - ã€å“åº”å†…å®¹ã€‘{"error":"Missing password"}[0m
[32m2025-06-19 10:16:02,408 - INFO - ------------------------------------------------------------[0m
[32m2025-06-19 10:16:02,408 - INFO - ã€è¯·æ±‚æ–¹æ³•ã€‘POST[0m
[32m2025-06-19 10:16:02,409 - INFO - ã€è¯·æ±‚åœ°å€ã€‘https://reqres.in/api/register[0m
[32m2025-06-19 10:16:02,409 - INFO - ã€è¯·æ±‚å‚æ•°ã€‘{'headers': {'x-api-key': 'reqres-free-v1', 'Content-Type': 'application/json'}, 'json': {'email': None, 'password': 'pistol'}}[0m
[32m2025-06-19 10:16:03,858 - INFO - ã€å“åº”çŠ¶æ€ç ã€‘400[0m
[32m2025-06-19 10:16:03,859 - INFO - ã€å“åº”å†…å®¹ã€‘{"error":"Missing email or username"}[0m
[32m2025-06-19 10:16:03,859 - INFO - ------------------------------------------------------------[0m
[32m2025-06-19 10:16:03,859 - INFO - ã€è¯·æ±‚æ–¹æ³•ã€‘POST[0m
[32m2025-06-19 10:16:03,860 - INFO - ã€è¯·æ±‚åœ°å€ã€‘https://reqres.in/api/register[0m
[32m2025-06-19 10:16:03,860 - INFO - ã€è¯·æ±‚å‚æ•°ã€‘{'headers': {'x-api-key': 'reqres-free-v1', 'Content-Type': 'application/json'}, 'json': {'email': 'invalid@email.com', 'password': 123456}}[0m
[32m2025-06-19 10:16:05,345 - INFO - ã€å“åº”çŠ¶æ€ç ã€‘400[0m
[32m2025-06-19 10:16:05,345 - INFO - ã€å“åº”å†…å®¹ã€‘{"error":"Note: Only defined users succeed registration"}[0m
[32m2025-06-19 10:16:05,346 - INFO - ------------------------------------------------------------[0m
[32m2025-06-19 10:16:05,346 - INFO - ã€è¯·æ±‚æ–¹æ³•ã€‘PUT[0m
[32m2025-06-19 10:16:05,347 - INFO - ã€è¯·æ±‚åœ°å€ã€‘https://reqres.in/api/users/2[0m
[32m2025-06-19 10:16:05,347 - INFO - ã€è¯·æ±‚å‚æ•°ã€‘{'headers': {'x-api-key': 'reqres-free-v1', 'Content-Type': 'application/json'}, 'json': {'name': 'morpheus', 'job': 'zion resident'}}[0m
[32m2025-06-19 10:16:07,300 - INFO - ã€å“åº”çŠ¶æ€ç ã€‘200[0m
[32m2025-06-19 10:16:07,300 - INFO - ã€å“åº”å†…å®¹ã€‘{"name":"morpheus","job":"zion resident","updatedAt":"2025-06-19T02:21:42.474Z"}[0m
[32m2025-06-19 10:16:07,301 - INFO - ------------------------------------------------------------[0m
[32m2025-06-19 10:20:51,828 - INFO - ã€è¯·æ±‚æ–¹æ³•ã€‘POST[0m
[32m2025-06-19 10:20:51,828 - INFO - ã€è¯·æ±‚åœ°å€ã€‘https://reqres.in/api/users[0m
[32m2025-06-19 10:20:51,828 - INFO - ã€è¯·æ±‚å‚æ•°ã€‘{'headers': {'x-api-key': 'reqres-free-v1', 'Content-Type': 'application/json'}, 'json': {'name': 'morpheus', 'job': 'leader'}}[0m
[32m2025-06-19 10:20:53,637 - INFO - ã€å“åº”çŠ¶æ€ç ã€‘201[0m
[32m2025-06-19 10:20:53,637 - INFO - ã€å“åº”å†…å®¹ã€‘{"name":"morpheus","job":"leader","id":"875","createdAt":"2025-06-19T02:26:28.758Z"}[0m
[32m2025-06-19 10:20:53,637 - INFO - ------------------------------------------------------------[0m
[32m2025-06-19 10:20:53,637 - INFO - ã€è¯·æ±‚æ–¹æ³•ã€‘GET[0m
[32m2025-06-19 10:20:53,637 - INFO - ã€è¯·æ±‚åœ°å€ã€‘https://reqres.in/api/users/2[0m
[32m2025-06-19 10:20:53,638 - INFO - ã€è¯·æ±‚å‚æ•°ã€‘{'headers': {'x-api-key': 'reqres-free-v1', 'Content-Type': 'application/json'}}[0m
[32m2025-06-19 10:20:55,994 - INFO - ã€å“åº”çŠ¶æ€ç ã€‘200[0m
[32m2025-06-19 10:20:55,995 - INFO - ã€å“åº”å†…å®¹ã€‘{"data":{"id":2,"email":"janet.weaver@reqres.in","first_name":"Janet","last_name":"Weaver","avatar":"https://reqres.in/img/faces/2-image.jpg"},"support":{"url":"https://contentcaddy.io?utm_source=reqres&utm_medium=json&utm_campaign=referral","text":"Tired of writing endless social media content? Let Content Caddy generate it for you."}}[0m
[32m2025-06-19 10:20:55,995 - INFO - ------------------------------------------------------------[0m
[32m2025-06-19 10:20:55,996 - INFO - ã€è¯·æ±‚æ–¹æ³•ã€‘POST[0m
[32m2025-06-19 10:20:55,997 - INFO - ã€è¯·æ±‚åœ°å€ã€‘https://reqres.in/api/login[0m
[32m2025-06-19 10:20:55,997 - INFO - ã€è¯·æ±‚å‚æ•°ã€‘{'json': {'email': 'peter@klaven'}, 'headers': {'x-api-key': 'reqres-free-v1', 'Content-Type': 'application/json'}}[0m
[32m2025-06-19 10:20:57,844 - INFO - ã€å“åº”çŠ¶æ€ç ã€‘400[0m
[32m2025-06-19 10:20:57,845 - INFO - ã€å“åº”å†…å®¹ã€‘{"error":"Missing password"}[0m
[32m2025-06-19 10:20:57,846 - INFO - ------------------------------------------------------------[0m
[32m2025-06-19 10:20:57,846 - INFO - ã€è¯·æ±‚æ–¹æ³•ã€‘POST[0m
[32m2025-06-19 10:20:57,847 - INFO - ã€è¯·æ±‚åœ°å€ã€‘https://reqres.in/api/login[0m
[32m2025-06-19 10:20:57,847 - INFO - ã€è¯·æ±‚å‚æ•°ã€‘{'json': {'email': 'eve.holt@reqres.in', 'password': 'cityslicka'}, 'headers': {'x-api-key': 'reqres-free-v1', 'Content-Type': 'application/json'}}[0m
[32m2025-06-19 10:20:59,687 - INFO - ã€å“åº”çŠ¶æ€ç ã€‘200[0m
[32m2025-06-19 10:20:59,687 - INFO - ã€å“åº”å†…å®¹ã€‘{"token":"QpwL5tke4Pnpja7X4"}[0m
[32m2025-06-19 10:20:59,688 - INFO - ------------------------------------------------------------[0m
[32m2025-06-19 10:20:59,688 - INFO - ã€è¯·æ±‚æ–¹æ³•ã€‘POST[0m
[32m2025-06-19 10:20:59,689 - INFO - ã€è¯·æ±‚åœ°å€ã€‘https://reqres.in/api/register[0m
[32m2025-06-19 10:20:59,689 - INFO - ã€è¯·æ±‚å‚æ•°ã€‘{'headers': {'x-api-key': 'reqres-free-v1', 'Content-Type': 'application/json'}, 'json': {'email': 'eve.holt@reqres.in', 'password': 'pistol'}}[0m
[32m2025-06-19 10:21:01,153 - INFO - ã€å“åº”çŠ¶æ€ç ã€‘200[0m
[32m2025-06-19 10:21:01,154 - INFO - ã€å“åº”å†…å®¹ã€‘{"id":4,"token":"QpwL5tke4Pnpja7X4"}[0m
[32m2025-06-19 10:21:01,154 - INFO - ------------------------------------------------------------[0m
[32m2025-06-19 10:21:01,154 - INFO - ã€è¯·æ±‚æ–¹æ³•ã€‘POST[0m
[32m2025-06-19 10:21:01,154 - INFO - ã€è¯·æ±‚åœ°å€ã€‘https://reqres.in/api/register[0m
[32m2025-06-19 10:21:01,154 - INFO - ã€è¯·æ±‚å‚æ•°ã€‘{'headers': {'x-api-key': 'reqres-free-v1', 'Content-Type': 'application/json'}, 'json': {'email': 'eve.holt@reqres.in', 'password': None}}[0m
[32m2025-06-19 10:21:02,963 - INFO - ã€å“åº”çŠ¶æ€ç ã€‘400[0m
[32m2025-06-19 10:21:02,964 - INFO - ã€å“åº”å†…å®¹ã€‘{"error":"Missing password"}[0m
[32m2025-06-19 10:21:02,964 - INFO - ------------------------------------------------------------[0m
[32m2025-06-19 10:21:02,965 - INFO - ã€è¯·æ±‚æ–¹æ³•ã€‘POST[0m
[32m2025-06-19 10:21:02,965 - INFO - ã€è¯·æ±‚åœ°å€ã€‘https://reqres.in/api/register[0m
[32m2025-06-19 10:21:02,965 - INFO - ã€è¯·æ±‚å‚æ•°ã€‘{'headers': {'x-api-key': 'reqres-free-v1', 'Content-Type': 'application/json'}, 'json': {'email': None, 'password': 'pistol'}}[0m
[32m2025-06-19 10:21:04,580 - INFO - ã€å“åº”çŠ¶æ€ç ã€‘400[0m
[32m2025-06-19 10:21:04,581 - INFO - ã€å“åº”å†…å®¹ã€‘{"error":"Missing email or username"}[0m
[32m2025-06-19 10:21:04,581 - INFO - ------------------------------------------------------------[0m
[32m2025-06-19 10:21:04,582 - INFO - ã€è¯·æ±‚æ–¹æ³•ã€‘POST[0m
[32m2025-06-19 10:21:04,582 - INFO - ã€è¯·æ±‚åœ°å€ã€‘https://reqres.in/api/register[0m
[32m2025-06-19 10:21:04,583 - INFO - ã€è¯·æ±‚å‚æ•°ã€‘{'headers': {'x-api-key': 'reqres-free-v1', 'Content-Type': 'application/json'}, 'json': {'email': 'invalid@email.com', 'password': 123456}}[0m
[32m2025-06-19 10:21:06,139 - INFO - ã€å“åº”çŠ¶æ€ç ã€‘400[0m
[32m2025-06-19 10:21:06,139 - INFO - ã€å“åº”å†…å®¹ã€‘{"error":"Note: Only defined users succeed registration"}[0m
[32m2025-06-19 10:21:06,139 - INFO - ------------------------------------------------------------[0m
[32m2025-06-19 10:21:06,140 - INFO - ã€è¯·æ±‚æ–¹æ³•ã€‘PUT[0m
[32m2025-06-19 10:21:06,140 - INFO - ã€è¯·æ±‚åœ°å€ã€‘https://reqres.in/api/users/2[0m
[32m2025-06-19 10:21:06,140 - INFO - ã€è¯·æ±‚å‚æ•°ã€‘{'headers': {'x-api-key': 'reqres-free-v1', 'Content-Type': 'application/json'}, 'json': {'name': 'morpheus', 'job': 'zion resident'}}[0m
[32m2025-06-19 10:21:07,600 - INFO - ã€å“åº”çŠ¶æ€ç ã€‘200[0m
[32m2025-06-19 10:21:07,600 - INFO - ã€å“åº”å†…å®¹ã€‘{"name":"morpheus","job":"zion resident","updatedAt":"2025-06-19T02:26:42.793Z"}[0m
[32m2025-06-19 10:21:07,601 - INFO - ------------------------------------------------------------[0m
