2025-06-17 12:33:04,093 - INFO - ã€è¯·æ±‚æ–¹æ³•ã€‘POST
2025-06-17 12:33:04,093 - INFO - ã€è¯·æ±‚åœ°å€ã€‘https://reqres.in/api/users
2025-06-17 12:33:04,093 - INFO - ã€è¯·æ±‚å‚æ•°ã€‘{'headers': {'x-api-key': 'reqres-free-v1', 'Content-Type': 'application/json'}, 'json': {'name': 'morpheus', 'job': 'leader'}}
2025-06-17 12:33:05,674 - INFO - ã€å“åº”çŠ¶æ€ç ã€‘201
2025-06-17 12:33:05,674 - INFO - ã€å“åº”å†…å®¹ã€‘{"name":"morpheus","job":"leader","id":"140","createdAt":"2025-06-17T04:38:38.682Z"}
2025-06-17 12:33:05,674 - INFO - ------------------------------------------------------------
2025-06-17 12:33:05,679 - INFO - ã€è¯·æ±‚æ–¹æ³•ã€‘GET
2025-06-17 12:33:05,679 - INFO - ã€è¯·æ±‚åœ°å€ã€‘https://reqres.in/api/users/2
2025-06-17 12:33:05,679 - INFO - ã€è¯·æ±‚å‚æ•°ã€‘{'headers': {'x-api-key': 'reqres-free-v1', 'Content-Type': 'application/json'}}
2025-06-17 12:33:07,391 - INFO - ã€å“åº”çŠ¶æ€ç ã€‘200
2025-06-17 12:33:07,391 - INFO - ã€å“åº”å†…å®¹ã€‘{"data":{"id":2,"email":"janet.weaver@reqres.in","first_name":"Janet","last_name":"Weaver","avatar":"https://reqres.in/img/faces/2-image.jpg"},"support":{"url":"https://contentcaddy.io?utm_source=reqres&utm_medium=json&utm_campaign=referral","text":"Tired of writing endless social media content? Let Content Caddy generate it for you."}}
2025-06-17 12:33:07,392 - INFO - ------------------------------------------------------------
2025-06-17 12:33:07,393 - INFO - ã€è¯·æ±‚æ–¹æ³•ã€‘POST
2025-06-17 12:33:07,393 - INFO - ã€è¯·æ±‚åœ°å€ã€‘https://reqres.in/api/login
2025-06-17 12:33:07,393 - INFO - ã€è¯·æ±‚å‚æ•°ã€‘{'json': {'email': 'peter@klaven'}, 'headers': {'x-api-key': 'reqres-free-v1', 'Content-Type': 'application/json'}}
2025-06-17 12:33:09,006 - INFO - ã€å“åº”çŠ¶æ€ç ã€‘400
2025-06-17 12:33:09,007 - INFO - ã€å“åº”å†…å®¹ã€‘{"error":"Missing password"}
2025-06-17 12:33:09,007 - INFO - ------------------------------------------------------------
2025-06-17 12:33:09,007 - INFO - ã€è¯·æ±‚æ–¹æ³•ã€‘POST
2025-06-17 12:33:09,007 - INFO - ã€è¯·æ±‚åœ°å€ã€‘https://reqres.in/api/login
2025-06-17 12:33:09,008 - INFO - ã€è¯·æ±‚å‚æ•°ã€‘{'json': {'email': 'eve.holt@reqres.in', 'password': 'cityslicka'}, 'headers': {'x-api-key': 'reqres-free-v1', 'Content-Type': 'application/json'}}
2025-06-17 12:33:10,668 - INFO - ã€å“åº”çŠ¶æ€ç ã€‘200
2025-06-17 12:33:10,668 - INFO - ã€å“åº”å†…å®¹ã€‘{"token":"QpwL5tke4Pnpja7X4"}
2025-06-17 12:33:10,668 - INFO - ------------------------------------------------------------
2025-06-17 12:33:10,669 - INFO - ã€è¯·æ±‚æ–¹æ³•ã€‘POST
2025-06-17 12:33:10,669 - INFO - ã€è¯·æ±‚åœ°å€ã€‘https://reqres.in/api/register
2025-06-17 12:33:10,669 - INFO - ã€è¯·æ±‚å‚æ•°ã€‘{'headers': {'x-api-key': 'reqres-free-v1', 'Content-Type': 'application/json'}, 'json': {'email': 'eve.holt@reqres.in', 'password': 'pistol'}}
2025-06-17 12:33:12,409 - INFO - ã€å“åº”çŠ¶æ€ç ã€‘200
2025-06-17 12:33:12,410 - INFO - ã€å“åº”å†…å®¹ã€‘{"id":4,"token":"QpwL5tke4Pnpja7X4"}
2025-06-17 12:33:12,410 - INFO - ------------------------------------------------------------
2025-06-17 12:33:12,410 - INFO - ã€è¯·æ±‚æ–¹æ³•ã€‘POST
2025-06-17 12:33:12,410 - INFO - ã€è¯·æ±‚åœ°å€ã€‘https://reqres.in/api/register
2025-06-17 12:33:12,411 - INFO - ã€è¯·æ±‚å‚æ•°ã€‘{'headers': {'x-api-key': 'reqres-free-v1', 'Content-Type': 'application/json'}, 'json': {'email': 'eve.holt@reqres.in', 'password': ''}}
2025-06-17 12:33:14,150 - INFO - ã€å“åº”çŠ¶æ€ç ã€‘400
2025-06-17 12:33:14,151 - INFO - ã€å“åº”å†…å®¹ã€‘{"error":"Missing password"}
2025-06-17 12:33:14,151 - INFO - ------------------------------------------------------------
2025-06-17 12:33:14,151 - INFO - ã€è¯·æ±‚æ–¹æ³•ã€‘POST
2025-06-17 12:33:14,151 - INFO - ã€è¯·æ±‚åœ°å€ã€‘https://reqres.in/api/register
2025-06-17 12:33:14,152 - INFO - ã€è¯·æ±‚å‚æ•°ã€‘{'headers': {'x-api-key': 'reqres-free-v1', 'Content-Type': 'application/json'}, 'json': {'email': '', 'password': 'pistol'}}
2025-06-17 12:33:15,992 - INFO - ã€å“åº”çŠ¶æ€ç ã€‘400
2025-06-17 12:33:15,992 - INFO - ã€å“åº”å†…å®¹ã€‘{"error":"Missing email or username"}
2025-06-17 12:33:15,993 - INFO - ------------------------------------------------------------
2025-06-17 12:33:15,993 - INFO - ã€è¯·æ±‚æ–¹æ³•ã€‘POST
2025-06-17 12:33:15,993 - INFO - ã€è¯·æ±‚åœ°å€ã€‘https://reqres.in/api/register
2025-06-17 12:33:15,993 - INFO - ã€è¯·æ±‚å‚æ•°ã€‘{'headers': {'x-api-key': 'reqres-free-v1', 'Content-Type': 'application/json'}, 'json': {'email': 'invalid@example.com', 'password': '123456'}}
2025-06-17 12:33:17,781 - INFO - ã€å“åº”çŠ¶æ€ç ã€‘400
2025-06-17 12:33:17,781 - INFO - ã€å“åº”å†…å®¹ã€‘{"error":"Note: Only defined users succeed registration"}
2025-06-17 12:33:17,781 - INFO - ------------------------------------------------------------
2025-06-17 12:33:17,782 - INFO - ã€è¯·æ±‚æ–¹æ³•ã€‘PUT
2025-06-17 12:33:17,782 - INFO - ã€è¯·æ±‚åœ°å€ã€‘https://reqres.in/api/users/2
2025-06-17 12:33:17,782 - INFO - ã€è¯·æ±‚å‚æ•°ã€‘{'headers': {'x-api-key': 'reqres-free-v1', 'Content-Type': 'application/json'}, 'json': {'name': 'morpheus', 'job': 'zion resident'}}
2025-06-17 12:33:19,680 - INFO - ã€å“åº”çŠ¶æ€ç ã€‘200
2025-06-17 12:33:19,680 - INFO - ã€å“åº”å†…å®¹ã€‘{"name":"morpheus","job":"zion resident","updatedAt":"2025-06-17T04:38:52.605Z"}
2025-06-17 12:33:19,680 - INFO - ------------------------------------------------------------
2025-06-17 12:35:21,113 - DEBUG - è¿™æ˜¯è°ƒè¯•ä¿¡æ¯
2025-06-17 12:35:21,113 - INFO - è¿™æ˜¯æ­£å¸¸ä¿¡æ¯
2025-06-17 12:35:21,113 - WARNING - è¿™æ˜¯è­¦å‘Šä¿¡æ¯
2025-06-17 12:35:21,113 - ERROR - è¿™æ˜¯é”™è¯¯ä¿¡æ¯
[36m2025-06-17 12:38:26,523 - DEBUG - è¿™æ˜¯è°ƒè¯•ä¿¡æ¯[0m
[32m2025-06-17 12:38:26,524 - INFO - è¿™æ˜¯æ­£å¸¸ä¿¡æ¯[0m
[33m2025-06-17 12:38:26,524 - WARNING - è¿™æ˜¯è­¦å‘Šä¿¡æ¯[0m
[31m2025-06-17 12:38:26,524 - ERROR - è¿™æ˜¯é”™è¯¯ä¿¡æ¯[0m
[32m2025-06-17 12:38:26,528 - INFO - ã€è¯·æ±‚æ–¹æ³•ã€‘POST[0m
[32m2025-06-17 12:38:26,528 - INFO - ã€è¯·æ±‚åœ°å€ã€‘https://reqres.in/api/users[0m
[32m2025-06-17 12:38:26,528 - INFO - ã€è¯·æ±‚å‚æ•°ã€‘{'headers': {'x-api-key': 'reqres-free-v1', 'Content-Type': 'application/json'}, 'json': {'name': 'morpheus', 'job': 'leader'}}[0m
[32m2025-06-17 12:38:28,406 - INFO - ã€å“åº”çŠ¶æ€ç ã€‘201[0m
[32m2025-06-17 12:38:28,406 - INFO - ã€å“åº”å†…å®¹ã€‘{"name":"morpheus","job":"leader","id":"377","createdAt":"2025-06-17T04:44:01.352Z"}[0m
[32m2025-06-17 12:38:28,406 - INFO - ------------------------------------------------------------[0m
[32m2025-06-17 12:38:28,407 - INFO - ã€è¯·æ±‚æ–¹æ³•ã€‘GET[0m
[32m2025-06-17 12:38:28,408 - INFO - ã€è¯·æ±‚åœ°å€ã€‘https://reqres.in/api/users/2[0m
[32m2025-06-17 12:38:28,408 - INFO - ã€è¯·æ±‚å‚æ•°ã€‘{'headers': {'x-api-key': 'reqres-free-v1', 'Content-Type': 'application/json'}}[0m
[32m2025-06-17 12:38:29,945 - INFO - ã€å“åº”çŠ¶æ€ç ã€‘200[0m
[32m2025-06-17 12:38:29,946 - INFO - ã€å“åº”å†…å®¹ã€‘{"data":{"id":2,"email":"janet.weaver@reqres.in","first_name":"Janet","last_name":"Weaver","avatar":"https://reqres.in/img/faces/2-image.jpg"},"support":{"url":"https://contentcaddy.io?utm_source=reqres&utm_medium=json&utm_campaign=referral","text":"Tired of writing endless social media content? Let Content Caddy generate it for you."}}[0m
[32m2025-06-17 12:38:29,946 - INFO - ------------------------------------------------------------[0m
[32m2025-06-17 12:38:29,947 - INFO - ã€è¯·æ±‚æ–¹æ³•ã€‘POST[0m
[32m2025-06-17 12:38:29,947 - INFO - ã€è¯·æ±‚åœ°å€ã€‘https://reqres.in/api/login[0m
[32m2025-06-17 12:38:29,948 - INFO - ã€è¯·æ±‚å‚æ•°ã€‘{'json': {'email': 'peter@klaven'}, 'headers': {'x-api-key': 'reqres-free-v1', 'Content-Type': 'application/json'}}[0m
[32m2025-06-17 12:38:31,587 - INFO - ã€å“åº”çŠ¶æ€ç ã€‘400[0m
[32m2025-06-17 12:38:31,587 - INFO - ã€å“åº”å†…å®¹ã€‘{"error":"Missing password"}[0m
[32m2025-06-17 12:38:31,587 - INFO - ------------------------------------------------------------[0m
[32m2025-06-17 12:38:31,587 - INFO - ã€è¯·æ±‚æ–¹æ³•ã€‘POST[0m
[32m2025-06-17 12:38:31,587 - INFO - ã€è¯·æ±‚åœ°å€ã€‘https://reqres.in/api/login[0m
[32m2025-06-17 12:38:31,587 - INFO - ã€è¯·æ±‚å‚æ•°ã€‘{'json': {'email': 'eve.holt@reqres.in', 'password': 'cityslicka'}, 'headers': {'x-api-key': 'reqres-free-v1', 'Content-Type': 'application/json'}}[0m
[32m2025-06-17 12:38:33,322 - INFO - ã€å“åº”çŠ¶æ€ç ã€‘200[0m
[32m2025-06-17 12:38:33,323 - INFO - ã€å“åº”å†…å®¹ã€‘{"token":"QpwL5tke4Pnpja7X4"}[0m
[32m2025-06-17 12:38:33,323 - INFO - ------------------------------------------------------------[0m
[32m2025-06-17 12:38:33,324 - INFO - ã€è¯·æ±‚æ–¹æ³•ã€‘POST[0m
[32m2025-06-17 12:38:33,324 - INFO - ã€è¯·æ±‚åœ°å€ã€‘https://reqres.in/api/register[0m
[32m2025-06-17 12:38:33,325 - INFO - ã€è¯·æ±‚å‚æ•°ã€‘{'headers': {'x-api-key': 'reqres-free-v1', 'Content-Type': 'application/json'}, 'json': {'email': 'eve.holt@reqres.in', 'password': 'pistol'}}[0m
[32m2025-06-17 12:38:35,285 - INFO - ã€å“åº”çŠ¶æ€ç ã€‘200[0m
[32m2025-06-17 12:38:35,286 - INFO - ã€å“åº”å†…å®¹ã€‘{"id":4,"token":"QpwL5tke4Pnpja7X4"}[0m
[32m2025-06-17 12:38:35,286 - INFO - ------------------------------------------------------------[0m
[32m2025-06-17 12:38:35,286 - INFO - ã€è¯·æ±‚æ–¹æ³•ã€‘POST[0m
[32m2025-06-17 12:38:35,287 - INFO - ã€è¯·æ±‚åœ°å€ã€‘https://reqres.in/api/register[0m
[32m2025-06-17 12:38:35,287 - INFO - ã€è¯·æ±‚å‚æ•°ã€‘{'headers': {'x-api-key': 'reqres-free-v1', 'Content-Type': 'application/json'}, 'json': {'email': 'eve.holt@reqres.in', 'password': ''}}[0m
[32m2025-06-17 12:38:37,081 - INFO - ã€å“åº”çŠ¶æ€ç ã€‘400[0m
[32m2025-06-17 12:38:37,081 - INFO - ã€å“åº”å†…å®¹ã€‘{"error":"Missing password"}[0m
[32m2025-06-17 12:38:37,082 - INFO - ------------------------------------------------------------[0m
[32m2025-06-17 12:38:37,082 - INFO - ã€è¯·æ±‚æ–¹æ³•ã€‘POST[0m
[32m2025-06-17 12:38:37,082 - INFO - ã€è¯·æ±‚åœ°å€ã€‘https://reqres.in/api/register[0m
[32m2025-06-17 12:38:37,082 - INFO - ã€è¯·æ±‚å‚æ•°ã€‘{'headers': {'x-api-key': 'reqres-free-v1', 'Content-Type': 'application/json'}, 'json': {'email': '', 'password': 'pistol'}}[0m
[32m2025-06-17 12:38:38,954 - INFO - ã€å“åº”çŠ¶æ€ç ã€‘400[0m
[32m2025-06-17 12:38:38,954 - INFO - ã€å“åº”å†…å®¹ã€‘{"error":"Missing email or username"}[0m
[32m2025-06-17 12:38:38,954 - INFO - ------------------------------------------------------------[0m
[32m2025-06-17 12:38:38,955 - INFO - ã€è¯·æ±‚æ–¹æ³•ã€‘POST[0m
[32m2025-06-17 12:38:38,955 - INFO - ã€è¯·æ±‚åœ°å€ã€‘https://reqres.in/api/register[0m
[32m2025-06-17 12:38:38,955 - INFO - ã€è¯·æ±‚å‚æ•°ã€‘{'headers': {'x-api-key': 'reqres-free-v1', 'Content-Type': 'application/json'}, 'json': {'email': 'invalid@example.com', 'password': '123456'}}[0m
[32m2025-06-17 12:38:40,797 - INFO - ã€å“åº”çŠ¶æ€ç ã€‘400[0m
[32m2025-06-17 12:38:40,798 - INFO - ã€å“åº”å†…å®¹ã€‘{"error":"Note: Only defined users succeed registration"}[0m
[32m2025-06-17 12:38:40,798 - INFO - ------------------------------------------------------------[0m
[32m2025-06-17 12:38:40,799 - INFO - ã€è¯·æ±‚æ–¹æ³•ã€‘PUT[0m
[32m2025-06-17 12:38:40,799 - INFO - ã€è¯·æ±‚åœ°å€ã€‘https://reqres.in/api/users/2[0m
[32m2025-06-17 12:38:40,800 - INFO - ã€è¯·æ±‚å‚æ•°ã€‘{'headers': {'x-api-key': 'reqres-free-v1', 'Content-Type': 'application/json'}, 'json': {'name': 'morpheus', 'job': 'zion resident'}}[0m
[32m2025-06-17 12:38:42,744 - INFO - ã€å“åº”çŠ¶æ€ç ã€‘200[0m
[32m2025-06-17 12:38:42,744 - INFO - ã€å“åº”å†…å®¹ã€‘{"name":"morpheus","job":"zion resident","updatedAt":"2025-06-17T04:44:15.670Z"}[0m
[32m2025-06-17 12:38:42,744 - INFO - ------------------------------------------------------------[0m
[32m2025-06-17 12:55:41,396 - INFO - ã€è¯·æ±‚æ–¹æ³•ã€‘POST[0m
[32m2025-06-17 12:55:41,396 - INFO - ã€è¯·æ±‚åœ°å€ã€‘https://reqres.in/api/register[0m
[32m2025-06-17 12:55:41,396 - INFO - ã€è¯·æ±‚å‚æ•°ã€‘{'headers': {'x-api-key': 'reqres-free-v1', 'Content-Type': 'application/json'}, 'json': {'email': 'eve.holt@reqres.in', 'password': 'pistol'}}[0m
[32m2025-06-17 12:55:43,132 - INFO - ã€å“åº”çŠ¶æ€ç ã€‘200[0m
[32m2025-06-17 12:55:43,133 - INFO - ã€å“åº”å†…å®¹ã€‘{"id":4,"token":"QpwL5tke4Pnpja7X4"}[0m
[32m2025-06-17 12:55:43,134 - INFO - ------------------------------------------------------------[0m
[32m2025-06-17 12:55:43,192 - INFO - ã€è¯·æ±‚æ–¹æ³•ã€‘POST[0m
[32m2025-06-17 12:55:43,192 - INFO - ã€è¯·æ±‚åœ°å€ã€‘https://reqres.in/api/register[0m
[32m2025-06-17 12:55:43,193 - INFO - ã€è¯·æ±‚å‚æ•°ã€‘{'headers': {'x-api-key': 'reqres-free-v1', 'Content-Type': 'application/json'}, 'json': {'email': 'eve.holt@reqres.in', 'password': None}}[0m
[32m2025-06-17 12:55:44,974 - INFO - ã€å“åº”çŠ¶æ€ç ã€‘400[0m
[32m2025-06-17 12:55:44,974 - INFO - ã€å“åº”å†…å®¹ã€‘{"error":"Missing password"}[0m
[32m2025-06-17 12:55:44,974 - INFO - ------------------------------------------------------------[0m
[32m2025-06-17 12:55:44,976 - INFO - ã€è¯·æ±‚æ–¹æ³•ã€‘POST[0m
[32m2025-06-17 12:55:44,976 - INFO - ã€è¯·æ±‚åœ°å€ã€‘https://reqres.in/api/register[0m
[32m2025-06-17 12:55:44,976 - INFO - ã€è¯·æ±‚å‚æ•°ã€‘{'headers': {'x-api-key': 'reqres-free-v1', 'Content-Type': 'application/json'}, 'json': {'email': None, 'password': 'pistol'}}[0m
[32m2025-06-17 12:55:46,671 - INFO - ã€å“åº”çŠ¶æ€ç ã€‘400[0m
[32m2025-06-17 12:55:46,672 - INFO - ã€å“åº”å†…å®¹ã€‘{"error":"Missing email or username"}[0m
[32m2025-06-17 12:55:46,672 - INFO - ------------------------------------------------------------[0m
[32m2025-06-17 12:55:46,679 - INFO - ã€è¯·æ±‚æ–¹æ³•ã€‘POST[0m
[32m2025-06-17 12:55:46,679 - INFO - ã€è¯·æ±‚åœ°å€ã€‘https://reqres.in/api/register[0m
[32m2025-06-17 12:55:46,680 - INFO - ã€è¯·æ±‚å‚æ•°ã€‘{'headers': {'x-api-key': 'reqres-free-v1', 'Content-Type': 'application/json'}, 'json': {'email': 'invalid@email.com', 'password': 123456}}[0m
[32m2025-06-17 12:55:48,354 - INFO - ã€å“åº”çŠ¶æ€ç ã€‘400[0m
[32m2025-06-17 12:55:48,354 - INFO - ã€å“åº”å†…å®¹ã€‘{"error":"Note: Only defined users succeed registration"}[0m
[32m2025-06-17 12:55:48,355 - INFO - ------------------------------------------------------------[0m
[32m2025-06-17 12:57:58,020 - INFO - ã€è¯·æ±‚æ–¹æ³•ã€‘POST[0m
[32m2025-06-17 12:57:58,020 - INFO - ã€è¯·æ±‚åœ°å€ã€‘https://reqres.in/api/register[0m
[32m2025-06-17 12:57:58,020 - INFO - ã€è¯·æ±‚å‚æ•°ã€‘{'headers': {'x-api-key': 'reqres-free-v1', 'Content-Type': 'application/json'}, 'json': {'email': 'eve.holt@reqres.in', 'password': 'pistol'}}[0m
[32m2025-06-17 12:57:59,583 - INFO - ã€å“åº”çŠ¶æ€ç ã€‘200[0m
[32m2025-06-17 12:57:59,583 - INFO - ã€å“åº”å†…å®¹ã€‘{"id":4,"token":"QpwL5tke4Pnpja7X4"}[0m
[32m2025-06-17 12:57:59,584 - INFO - ------------------------------------------------------------[0m
[32m2025-06-17 12:57:59,646 - INFO - ã€è¯·æ±‚æ–¹æ³•ã€‘POST[0m
[32m2025-06-17 12:57:59,646 - INFO - ã€è¯·æ±‚åœ°å€ã€‘https://reqres.in/api/register[0m
[32m2025-06-17 12:57:59,646 - INFO - ã€è¯·æ±‚å‚æ•°ã€‘{'headers': {'x-api-key': 'reqres-free-v1', 'Content-Type': 'application/json'}, 'json': {'email': 'eve.holt@reqres.in', 'password': None}}[0m
[32m2025-06-17 12:58:01,573 - INFO - ã€å“åº”çŠ¶æ€ç ã€‘400[0m
[32m2025-06-17 12:58:01,574 - INFO - ã€å“åº”å†…å®¹ã€‘{"error":"Missing password"}[0m
[32m2025-06-17 12:58:01,574 - INFO - ------------------------------------------------------------[0m
[32m2025-06-17 12:58:01,580 - INFO - ã€è¯·æ±‚æ–¹æ³•ã€‘POST[0m
[32m2025-06-17 12:58:01,581 - INFO - ã€è¯·æ±‚åœ°å€ã€‘https://reqres.in/api/register[0m
[32m2025-06-17 12:58:01,581 - INFO - ã€è¯·æ±‚å‚æ•°ã€‘{'headers': {'x-api-key': 'reqres-free-v1', 'Content-Type': 'application/json'}, 'json': {'email': None, 'password': 'pistol'}}[0m
[32m2025-06-17 12:58:03,313 - INFO - ã€å“åº”çŠ¶æ€ç ã€‘400[0m
[32m2025-06-17 12:58:03,313 - INFO - ã€å“åº”å†…å®¹ã€‘{"error":"Missing email or username"}[0m
[32m2025-06-17 12:58:03,313 - INFO - ------------------------------------------------------------[0m
[32m2025-06-17 12:58:03,314 - INFO - ã€è¯·æ±‚æ–¹æ³•ã€‘POST[0m
[32m2025-06-17 12:58:03,315 - INFO - ã€è¯·æ±‚åœ°å€ã€‘https://reqres.in/api/register[0m
[32m2025-06-17 12:58:03,315 - INFO - ã€è¯·æ±‚å‚æ•°ã€‘{'headers': {'x-api-key': 'reqres-free-v1', 'Content-Type': 'application/json'}, 'json': {'email': 'invalid@email.com', 'password': 123456}}[0m
[32m2025-06-17 12:58:04,952 - INFO - ã€å“åº”çŠ¶æ€ç ã€‘400[0m
[32m2025-06-17 12:58:04,952 - INFO - ã€å“åº”å†…å®¹ã€‘{"error":"Note: Only defined users succeed registration"}[0m
[32m2025-06-17 12:58:04,952 - INFO - ------------------------------------------------------------[0m
[32m2025-06-17 13:00:46,223 - INFO - ã€è¯·æ±‚æ–¹æ³•ã€‘POST[0m
[32m2025-06-17 13:00:46,223 - INFO - ã€è¯·æ±‚åœ°å€ã€‘https://reqres.in/api/register[0m
[32m2025-06-17 13:00:46,223 - INFO - ã€è¯·æ±‚å‚æ•°ã€‘{'headers': {'x-api-key': 'reqres-free-v1', 'Content-Type': 'application/json'}, 'json': {'email': 'eve.holt@reqres.in', 'password': 'pistol'}}[0m
[32m2025-06-17 13:00:47,967 - INFO - ã€å“åº”çŠ¶æ€ç ã€‘200[0m
[32m2025-06-17 13:00:47,967 - INFO - ã€å“åº”å†…å®¹ã€‘{"id":4,"token":"QpwL5tke4Pnpja7X4"}[0m
[32m2025-06-17 13:00:47,968 - INFO - ------------------------------------------------------------[0m
[32m2025-06-17 13:00:48,046 - INFO - ã€è¯·æ±‚æ–¹æ³•ã€‘POST[0m
[32m2025-06-17 13:00:48,046 - INFO - ã€è¯·æ±‚åœ°å€ã€‘https://reqres.in/api/register[0m
[32m2025-06-17 13:00:48,046 - INFO - ã€è¯·æ±‚å‚æ•°ã€‘{'headers': {'x-api-key': 'reqres-free-v1', 'Content-Type': 'application/json'}, 'json': {'email': 'eve.holt@reqres.in', 'password': None}}[0m
[32m2025-06-17 13:00:49,608 - INFO - ã€å“åº”çŠ¶æ€ç ã€‘400[0m
[32m2025-06-17 13:00:49,608 - INFO - ã€å“åº”å†…å®¹ã€‘{"error":"Missing password"}[0m
[32m2025-06-17 13:00:49,609 - INFO - ------------------------------------------------------------[0m
[32m2025-06-17 13:00:49,612 - INFO - ã€è¯·æ±‚æ–¹æ³•ã€‘POST[0m
[32m2025-06-17 13:00:49,612 - INFO - ã€è¯·æ±‚åœ°å€ã€‘https://reqres.in/api/register[0m
[32m2025-06-17 13:00:49,613 - INFO - ã€è¯·æ±‚å‚æ•°ã€‘{'headers': {'x-api-key': 'reqres-free-v1', 'Content-Type': 'application/json'}, 'json': {'email': None, 'password': 'pistol'}}[0m
[32m2025-06-17 13:00:51,347 - INFO - ã€å“åº”çŠ¶æ€ç ã€‘400[0m
[32m2025-06-17 13:00:51,348 - INFO - ã€å“åº”å†…å®¹ã€‘{"error":"Missing email or username"}[0m
[32m2025-06-17 13:00:51,348 - INFO - ------------------------------------------------------------[0m
[32m2025-06-17 13:00:51,355 - INFO - ã€è¯·æ±‚æ–¹æ³•ã€‘POST[0m
[32m2025-06-17 13:00:51,355 - INFO - ã€è¯·æ±‚åœ°å€ã€‘https://reqres.in/api/register[0m
[32m2025-06-17 13:00:51,356 - INFO - ã€è¯·æ±‚å‚æ•°ã€‘{'headers': {'x-api-key': 'reqres-free-v1', 'Content-Type': 'application/json'}, 'json': {'email': 'invalid@email.com', 'password': 123456}}[0m
[32m2025-06-17 13:00:52,964 - INFO - ã€å“åº”çŠ¶æ€ç ã€‘400[0m
[32m2025-06-17 13:00:52,964 - INFO - ã€å“åº”å†…å®¹ã€‘{"error":"Note: Only defined users succeed registration"}[0m
[32m2025-06-17 13:00:52,965 - INFO - ------------------------------------------------------------[0m
[32m2025-06-17 13:05:01,016 - INFO - ã€è¯·æ±‚æ–¹æ³•ã€‘POST[0m
[32m2025-06-17 13:05:01,017 - INFO - ã€è¯·æ±‚åœ°å€ã€‘https://reqres.in/api/register[0m
[32m2025-06-17 13:05:01,017 - INFO - ã€è¯·æ±‚å‚æ•°ã€‘{'headers': {'x-api-key': 'reqres-free-v1', 'Content-Type': 'application/json'}, 'json': {'email': 'eve.holt@reqres.in', 'password': 'pistol'}}[0m
[32m2025-06-17 13:05:02,841 - INFO - ã€å“åº”çŠ¶æ€ç ã€‘200[0m
[32m2025-06-17 13:05:02,842 - INFO - ã€å“åº”å†…å®¹ã€‘{"id":4,"token":"QpwL5tke4Pnpja7X4"}[0m
[32m2025-06-17 13:05:02,842 - INFO - ------------------------------------------------------------[0m
[32m2025-06-17 13:05:02,904 - INFO - ã€è¯·æ±‚æ–¹æ³•ã€‘POST[0m
[32m2025-06-17 13:05:02,904 - INFO - ã€è¯·æ±‚åœ°å€ã€‘https://reqres.in/api/register[0m
[32m2025-06-17 13:05:02,904 - INFO - ã€è¯·æ±‚å‚æ•°ã€‘{'headers': {'x-api-key': 'reqres-free-v1', 'Content-Type': 'application/json'}, 'json': {'email': 'eve.holt@reqres.in', 'password': None}}[0m
[32m2025-06-17 13:05:04,677 - INFO - ã€å“åº”çŠ¶æ€ç ã€‘400[0m
[32m2025-06-17 13:05:04,677 - INFO - ã€å“åº”å†…å®¹ã€‘{"error":"Missing password"}[0m
[32m2025-06-17 13:05:04,677 - INFO - ------------------------------------------------------------[0m
[32m2025-06-17 13:05:04,680 - INFO - ã€è¯·æ±‚æ–¹æ³•ã€‘POST[0m
[32m2025-06-17 13:05:04,680 - INFO - ã€è¯·æ±‚åœ°å€ã€‘https://reqres.in/api/register[0m
[32m2025-06-17 13:05:04,680 - INFO - ã€è¯·æ±‚å‚æ•°ã€‘{'headers': {'x-api-key': 'reqres-free-v1', 'Content-Type': 'application/json'}, 'json': {'email': None, 'password': 'pistol'}}[0m
[32m2025-06-17 13:05:06,320 - INFO - ã€å“åº”çŠ¶æ€ç ã€‘400[0m
[32m2025-06-17 13:05:06,321 - INFO - ã€å“åº”å†…å®¹ã€‘{"error":"Missing email or username"}[0m
[32m2025-06-17 13:05:06,321 - INFO - ------------------------------------------------------------[0m
[32m2025-06-17 13:05:06,328 - INFO - ã€è¯·æ±‚æ–¹æ³•ã€‘POST[0m
[32m2025-06-17 13:05:06,329 - INFO - ã€è¯·æ±‚åœ°å€ã€‘https://reqres.in/api/register[0m
[32m2025-06-17 13:05:06,330 - INFO - ã€è¯·æ±‚å‚æ•°ã€‘{'headers': {'x-api-key': 'reqres-free-v1', 'Content-Type': 'application/json'}, 'json': {'email': 'invalid@email.com', 'password': 123456}}[0m
[32m2025-06-17 13:05:07,954 - INFO - ã€å“åº”çŠ¶æ€ç ã€‘400[0m
[32m2025-06-17 13:05:07,955 - INFO - ã€å“åº”å†…å®¹ã€‘{"error":"Note: Only defined users succeed registration"}[0m
[32m2025-06-17 13:05:07,955 - INFO - ------------------------------------------------------------[0m
[32m2025-06-17 13:07:01,203 - INFO - ã€è¯·æ±‚æ–¹æ³•ã€‘POST[0m
[32m2025-06-17 13:07:01,204 - INFO - ã€è¯·æ±‚åœ°å€ã€‘https://reqres.in/api/register[0m
[32m2025-06-17 13:07:01,204 - INFO - ã€è¯·æ±‚å‚æ•°ã€‘{'headers': {'x-api-key': 'reqres-free-v1', 'Content-Type': 'application/json'}, 'json': {'email': 'eve.holt@reqres.in', 'password': 'pistol'}}[0m
[32m2025-06-17 13:07:03,154 - INFO - ã€å“åº”çŠ¶æ€ç ã€‘200[0m
[32m2025-06-17 13:07:03,155 - INFO - ã€å“åº”å†…å®¹ã€‘{"id":4,"token":"QpwL5tke4Pnpja7X4"}[0m
[32m2025-06-17 13:07:03,156 - INFO - ------------------------------------------------------------[0m
[32m2025-06-17 13:07:03,219 - INFO - ã€è¯·æ±‚æ–¹æ³•ã€‘POST[0m
[32m2025-06-17 13:07:03,219 - INFO - ã€è¯·æ±‚åœ°å€ã€‘https://reqres.in/api/register[0m
[32m2025-06-17 13:07:03,219 - INFO - ã€è¯·æ±‚å‚æ•°ã€‘{'headers': {'x-api-key': 'reqres-free-v1', 'Content-Type': 'application/json'}, 'json': {'email': 'eve.holt@reqres.in', 'password': None}}[0m
[32m2025-06-17 13:07:04,947 - INFO - ã€å“åº”çŠ¶æ€ç ã€‘400[0m
[32m2025-06-17 13:07:04,948 - INFO - ã€å“åº”å†…å®¹ã€‘{"error":"Missing password"}[0m
[32m2025-06-17 13:07:04,948 - INFO - ------------------------------------------------------------[0m
[32m2025-06-17 13:07:04,952 - INFO - ã€è¯·æ±‚æ–¹æ³•ã€‘POST[0m
[32m2025-06-17 13:07:04,952 - INFO - ã€è¯·æ±‚åœ°å€ã€‘https://reqres.in/api/register[0m
[32m2025-06-17 13:07:04,953 - INFO - ã€è¯·æ±‚å‚æ•°ã€‘{'headers': {'x-api-key': 'reqres-free-v1', 'Content-Type': 'application/json'}, 'json': {'email': None, 'password': 'pistol'}}[0m
[32m2025-06-17 13:07:06,772 - INFO - ã€å“åº”çŠ¶æ€ç ã€‘400[0m
[32m2025-06-17 13:07:06,772 - INFO - ã€å“åº”å†…å®¹ã€‘{"error":"Missing email or username"}[0m
[32m2025-06-17 13:07:06,773 - INFO - ------------------------------------------------------------[0m
[32m2025-06-17 13:07:06,776 - INFO - ã€è¯·æ±‚æ–¹æ³•ã€‘POST[0m
[32m2025-06-17 13:07:06,776 - INFO - ã€è¯·æ±‚åœ°å€ã€‘https://reqres.in/api/register[0m
[32m2025-06-17 13:07:06,776 - INFO - ã€è¯·æ±‚å‚æ•°ã€‘{'headers': {'x-api-key': 'reqres-free-v1', 'Content-Type': 'application/json'}, 'json': {'email': 'invalid@email.com', 'password': 123456}}[0m
[32m2025-06-17 13:07:08,580 - INFO - ã€å“åº”çŠ¶æ€ç ã€‘400[0m
[32m2025-06-17 13:07:08,580 - INFO - ã€å“åº”å†…å®¹ã€‘{"error":"Note: Only defined users succeed registration"}[0m
[32m2025-06-17 13:07:08,581 - INFO - ------------------------------------------------------------[0m
[32m2025-06-17 13:07:30,566 - INFO - ã€è¯·æ±‚æ–¹æ³•ã€‘POST[0m
[32m2025-06-17 13:07:30,566 - INFO - ã€è¯·æ±‚åœ°å€ã€‘https://reqres.in/api/register[0m
[32m2025-06-17 13:07:30,566 - INFO - ã€è¯·æ±‚å‚æ•°ã€‘{'headers': {'x-api-key': 'reqres-free-v1', 'Content-Type': 'application/json'}, 'json': {'email': 'eve.holt@reqres.in', 'password': None}}[0m
[32m2025-06-17 13:07:32,339 - INFO - ã€å“åº”çŠ¶æ€ç ã€‘400[0m
[32m2025-06-17 13:07:32,340 - INFO - ã€å“åº”å†…å®¹ã€‘{"error":"Missing password"}[0m
[32m2025-06-17 13:07:32,340 - INFO - ------------------------------------------------------------[0m
[32m2025-06-17 13:07:32,410 - INFO - ã€è¯·æ±‚æ–¹æ³•ã€‘POST[0m
[32m2025-06-17 13:07:32,410 - INFO - ã€è¯·æ±‚åœ°å€ã€‘https://reqres.in/api/register[0m
[32m2025-06-17 13:07:32,410 - INFO - ã€è¯·æ±‚å‚æ•°ã€‘{'headers': {'x-api-key': 'reqres-free-v1', 'Content-Type': 'application/json'}, 'json': {'email': 'eve.holt@reqres.in', 'password': None}}[0m
[32m2025-06-17 13:07:34,091 - INFO - ã€å“åº”çŠ¶æ€ç ã€‘400[0m
[32m2025-06-17 13:07:34,093 - INFO - ã€å“åº”å†…å®¹ã€‘{"error":"Missing password"}[0m
[32m2025-06-17 13:07:34,093 - INFO - ------------------------------------------------------------[0m
[32m2025-06-17 13:07:34,097 - INFO - ã€è¯·æ±‚æ–¹æ³•ã€‘POST[0m
[32m2025-06-17 13:07:34,097 - INFO - ã€è¯·æ±‚åœ°å€ã€‘https://reqres.in/api/register[0m
[32m2025-06-17 13:07:34,098 - INFO - ã€è¯·æ±‚å‚æ•°ã€‘{'headers': {'x-api-key': 'reqres-free-v1', 'Content-Type': 'application/json'}, 'json': {'email': None, 'password': 'pistol'}}[0m
[32m2025-06-17 13:07:35,716 - INFO - ã€å“åº”çŠ¶æ€ç ã€‘400[0m
[32m2025-06-17 13:07:35,716 - INFO - ã€å“åº”å†…å®¹ã€‘{"error":"Missing email or username"}[0m
[32m2025-06-17 13:07:35,716 - INFO - ------------------------------------------------------------[0m
[32m2025-06-17 13:07:35,718 - INFO - ã€è¯·æ±‚æ–¹æ³•ã€‘POST[0m
[32m2025-06-17 13:07:35,718 - INFO - ã€è¯·æ±‚åœ°å€ã€‘https://reqres.in/api/register[0m
[32m2025-06-17 13:07:35,718 - INFO - ã€è¯·æ±‚å‚æ•°ã€‘{'headers': {'x-api-key': 'reqres-free-v1', 'Content-Type': 'application/json'}, 'json': {'email': 'invalid@email.com', 'password': 123456}}[0m
[32m2025-06-17 13:07:37,556 - INFO - ã€å“åº”çŠ¶æ€ç ã€‘400[0m
[32m2025-06-17 13:07:37,556 - INFO - ã€å“åº”å†…å®¹ã€‘{"error":"Note: Only defined users succeed registration"}[0m
[32m2025-06-17 13:07:37,556 - INFO - ------------------------------------------------------------[0m
[32m2025-06-17 13:08:07,991 - INFO - ã€è¯·æ±‚æ–¹æ³•ã€‘POST[0m
[32m2025-06-17 13:08:07,991 - INFO - ã€è¯·æ±‚åœ°å€ã€‘https://reqres.in/api/register[0m
[32m2025-06-17 13:08:07,991 - INFO - ã€è¯·æ±‚å‚æ•°ã€‘{'headers': {'x-api-key': 'reqres-free-v1', 'Content-Type': 'application/json'}, 'json': {'email': 'eve.holt@reqres.in', 'password': 'pistol'}}[0m
[32m2025-06-17 13:08:09,821 - INFO - ã€å“åº”çŠ¶æ€ç ã€‘200[0m
[32m2025-06-17 13:08:09,822 - INFO - ã€å“åº”å†…å®¹ã€‘{"id":4,"token":"QpwL5tke4Pnpja7X4"}[0m
[32m2025-06-17 13:08:09,823 - INFO - ------------------------------------------------------------[0m
[32m2025-06-17 13:08:09,882 - INFO - ã€è¯·æ±‚æ–¹æ³•ã€‘POST[0m
[32m2025-06-17 13:08:09,882 - INFO - ã€è¯·æ±‚åœ°å€ã€‘https://reqres.in/api/register[0m
[32m2025-06-17 13:08:09,883 - INFO - ã€è¯·æ±‚å‚æ•°ã€‘{'headers': {'x-api-key': 'reqres-free-v1', 'Content-Type': 'application/json'}, 'json': {'email': 'eve.holt@reqres.in', 'password': None}}[0m
[32m2025-06-17 13:08:11,760 - INFO - ã€å“åº”çŠ¶æ€ç ã€‘400[0m
[32m2025-06-17 13:08:11,761 - INFO - ã€å“åº”å†…å®¹ã€‘{"error":"Missing password"}[0m
[32m2025-06-17 13:08:11,761 - INFO - ------------------------------------------------------------[0m
[32m2025-06-17 13:08:11,762 - INFO - ã€è¯·æ±‚æ–¹æ³•ã€‘POST[0m
[32m2025-06-17 13:08:11,763 - INFO - ã€è¯·æ±‚åœ°å€ã€‘https://reqres.in/api/register[0m
[32m2025-06-17 13:08:11,763 - INFO - ã€è¯·æ±‚å‚æ•°ã€‘{'headers': {'x-api-key': 'reqres-free-v1', 'Content-Type': 'application/json'}, 'json': {'email': None, 'password': 'pistol'}}[0m
[32m2025-06-17 13:08:13,398 - INFO - ã€å“åº”çŠ¶æ€ç ã€‘400[0m
[32m2025-06-17 13:08:13,399 - INFO - ã€å“åº”å†…å®¹ã€‘{"error":"Missing email or username"}[0m
[32m2025-06-17 13:08:13,399 - INFO - ------------------------------------------------------------[0m
[32m2025-06-17 13:08:13,403 - INFO - ã€è¯·æ±‚æ–¹æ³•ã€‘POST[0m
[32m2025-06-17 13:08:13,403 - INFO - ã€è¯·æ±‚åœ°å€ã€‘https://reqres.in/api/register[0m
[32m2025-06-17 13:08:13,403 - INFO - ã€è¯·æ±‚å‚æ•°ã€‘{'headers': {'x-api-key': 'reqres-free-v1', 'Content-Type': 'application/json'}, 'json': {'email': 'invalid@email.com', 'password': 123456}}[0m
[32m2025-06-17 13:08:15,118 - INFO - ã€å“åº”çŠ¶æ€ç ã€‘400[0m
[32m2025-06-17 13:08:15,118 - INFO - ã€å“åº”å†…å®¹ã€‘{"error":"Note: Only defined users succeed registration"}[0m
[32m2025-06-17 13:08:15,119 - INFO - ------------------------------------------------------------[0m
[32m2025-06-17 13:08:39,837 - INFO - ã€è¯·æ±‚æ–¹æ³•ã€‘POST[0m
[32m2025-06-17 13:08:39,837 - INFO - ã€è¯·æ±‚åœ°å€ã€‘https://reqres.in/api/register[0m
[32m2025-06-17 13:08:39,837 - INFO - ã€è¯·æ±‚å‚æ•°ã€‘{'headers': {'x-api-key': 'reqres-free-v1', 'Content-Type': 'application/json'}, 'json': {'email': 'eve.holt@reqres.in', 'password': 'pistol'}}[0m
[32m2025-06-17 13:08:41,453 - INFO - ã€å“åº”çŠ¶æ€ç ã€‘200[0m
[32m2025-06-17 13:08:41,454 - INFO - ã€å“åº”å†…å®¹ã€‘{"id":4,"token":"QpwL5tke4Pnpja7X4"}[0m
[32m2025-06-17 13:08:41,454 - INFO - ------------------------------------------------------------[0m
[32m2025-06-17 13:08:41,503 - INFO - ã€è¯·æ±‚æ–¹æ³•ã€‘POST[0m
[32m2025-06-17 13:08:41,503 - INFO - ã€è¯·æ±‚åœ°å€ã€‘https://reqres.in/api/register[0m
[32m2025-06-17 13:08:41,503 - INFO - ã€è¯·æ±‚å‚æ•°ã€‘{'headers': {'x-api-key': 'reqres-free-v1', 'Content-Type': 'application/json'}, 'json': {'email': 'eve.holt@reqres.in', 'password': None}}[0m
[32m2025-06-17 13:08:43,111 - INFO - ã€å“åº”çŠ¶æ€ç ã€‘400[0m
[32m2025-06-17 13:08:43,111 - INFO - ã€å“åº”å†…å®¹ã€‘{"error":"Missing password"}[0m
[32m2025-06-17 13:08:43,111 - INFO - ------------------------------------------------------------[0m
[32m2025-06-17 13:08:43,113 - INFO - ã€è¯·æ±‚æ–¹æ³•ã€‘POST[0m
[32m2025-06-17 13:08:43,113 - INFO - ã€è¯·æ±‚åœ°å€ã€‘https://reqres.in/api/register[0m
[32m2025-06-17 13:08:43,113 - INFO - ã€è¯·æ±‚å‚æ•°ã€‘{'headers': {'x-api-key': 'reqres-free-v1', 'Content-Type': 'application/json'}, 'json': {'email': None, 'password': 'pistol'}}[0m
[32m2025-06-17 13:08:44,621 - INFO - ã€å“åº”çŠ¶æ€ç ã€‘400[0m
[32m2025-06-17 13:08:44,622 - INFO - ã€å“åº”å†…å®¹ã€‘{"error":"Missing email or username"}[0m
[32m2025-06-17 13:08:44,622 - INFO - ------------------------------------------------------------[0m
[32m2025-06-17 13:08:44,628 - INFO - ã€è¯·æ±‚æ–¹æ³•ã€‘POST[0m
[32m2025-06-17 13:08:44,629 - INFO - ã€è¯·æ±‚åœ°å€ã€‘https://reqres.in/api/register[0m
[32m2025-06-17 13:08:44,629 - INFO - ã€è¯·æ±‚å‚æ•°ã€‘{'headers': {'x-api-key': 'reqres-free-v1', 'Content-Type': 'application/json'}, 'json': {'email': 'invalid@email.com', 'password': 123456}}[0m
[32m2025-06-17 13:08:46,163 - INFO - ã€å“åº”çŠ¶æ€ç ã€‘400[0m
[32m2025-06-17 13:08:46,164 - INFO - ã€å“åº”å†…å®¹ã€‘{"error":"Note: Only defined users succeed registration"}[0m
[32m2025-06-17 13:08:46,165 - INFO - ------------------------------------------------------------[0m
[32m2025-06-17 13:22:07,191 - INFO - ã€è¯·æ±‚æ–¹æ³•ã€‘POST[0m
[32m2025-06-17 13:22:07,191 - INFO - ã€è¯·æ±‚åœ°å€ã€‘https://reqres.in/api/register[0m
[32m2025-06-17 13:22:07,191 - INFO - ã€è¯·æ±‚å‚æ•°ã€‘{'headers': {'x-api-key': 'reqres-free-v1', 'Content-Type': 'application/json'}, 'json': {'email': 'eve.holt@reqres.in', 'password': 'pistol'}}[0m
[32m2025-06-17 13:22:08,959 - INFO - ã€å“åº”çŠ¶æ€ç ã€‘200[0m
[32m2025-06-17 13:22:08,959 - INFO - ã€å“åº”å†…å®¹ã€‘{"id":4,"token":"QpwL5tke4Pnpja7X4"}[0m
[32m2025-06-17 13:22:08,960 - INFO - ------------------------------------------------------------[0m
[32m2025-06-17 13:22:08,968 - INFO - ã€è¯·æ±‚æ–¹æ³•ã€‘POST[0m
[32m2025-06-17 13:22:08,968 - INFO - ã€è¯·æ±‚åœ°å€ã€‘https://reqres.in/api/register[0m
[32m2025-06-17 13:22:08,968 - INFO - ã€è¯·æ±‚å‚æ•°ã€‘{'headers': {'x-api-key': 'reqres-free-v1', 'Content-Type': 'application/json'}, 'json': {'email': 'eve.holt@reqres.in', 'password': None}}[0m
[32m2025-06-17 13:22:10,595 - INFO - ã€å“åº”çŠ¶æ€ç ã€‘400[0m
[32m2025-06-17 13:22:10,595 - INFO - ã€å“åº”å†…å®¹ã€‘{"error":"Missing password"}[0m
[32m2025-06-17 13:22:10,595 - INFO - ------------------------------------------------------------[0m
[32m2025-06-17 13:22:10,598 - INFO - ã€è¯·æ±‚æ–¹æ³•ã€‘POST[0m
[32m2025-06-17 13:22:10,599 - INFO - ã€è¯·æ±‚åœ°å€ã€‘https://reqres.in/api/register[0m
[32m2025-06-17 13:22:10,599 - INFO - ã€è¯·æ±‚å‚æ•°ã€‘{'headers': {'x-api-key': 'reqres-free-v1', 'Content-Type': 'application/json'}, 'json': {'email': None, 'password': 'pistol'}}[0m
[32m2025-06-17 13:22:12,338 - INFO - ã€å“åº”çŠ¶æ€ç ã€‘400[0m
[32m2025-06-17 13:22:12,339 - INFO - ã€å“åº”å†…å®¹ã€‘{"error":"Missing email or username"}[0m
[32m2025-06-17 13:22:12,340 - INFO - ------------------------------------------------------------[0m
[32m2025-06-17 13:22:12,345 - INFO - ã€è¯·æ±‚æ–¹æ³•ã€‘POST[0m
[32m2025-06-17 13:22:12,346 - INFO - ã€è¯·æ±‚åœ°å€ã€‘https://reqres.in/api/register[0m
[32m2025-06-17 13:22:12,346 - INFO - ã€è¯·æ±‚å‚æ•°ã€‘{'headers': {'x-api-key': 'reqres-free-v1', 'Content-Type': 'application/json'}, 'json': {'email': 'invalid@email.com', 'password': 123456}}[0m
[32m2025-06-17 13:22:14,179 - INFO - ã€å“åº”çŠ¶æ€ç ã€‘400[0m
[32m2025-06-17 13:22:14,180 - INFO - ã€å“åº”å†…å®¹ã€‘{"error":"Note: Only defined users succeed registration"}[0m
[32m2025-06-17 13:22:14,180 - INFO - ------------------------------------------------------------[0m
[32m2025-06-17 13:23:08,179 - INFO - ã€è¯·æ±‚æ–¹æ³•ã€‘POST[0m
[32m2025-06-17 13:23:08,179 - INFO - ã€è¯·æ±‚åœ°å€ã€‘https://reqres.in/api/register[0m
[32m2025-06-17 13:23:08,179 - INFO - ã€è¯·æ±‚å‚æ•°ã€‘{'headers': {'x-api-key': 'reqres-free-v1', 'Content-Type': 'application/json'}, 'json': {'email': 'eve.holt@reqres.in', 'password': 'pistol'}}[0m
[32m2025-06-17 13:23:10,001 - INFO - ã€å“åº”çŠ¶æ€ç ã€‘200[0m
[32m2025-06-17 13:23:10,001 - INFO - ã€å“åº”å†…å®¹ã€‘{"id":4,"token":"QpwL5tke4Pnpja7X4"}[0m
[32m2025-06-17 13:23:10,001 - INFO - ------------------------------------------------------------[0m
[32m2025-06-17 13:23:10,007 - INFO - ã€è¯·æ±‚æ–¹æ³•ã€‘POST[0m
[32m2025-06-17 13:23:10,007 - INFO - ã€è¯·æ±‚åœ°å€ã€‘https://reqres.in/api/register[0m
[32m2025-06-17 13:23:10,007 - INFO - ã€è¯·æ±‚å‚æ•°ã€‘{'headers': {'x-api-key': 'reqres-free-v1', 'Content-Type': 'application/json'}, 'json': {'email': 'eve.holt@reqres.in', 'password': None}}[0m
[32m2025-06-17 13:23:11,625 - INFO - ã€å“åº”çŠ¶æ€ç ã€‘400[0m
[32m2025-06-17 13:23:11,626 - INFO - ã€å“åº”å†…å®¹ã€‘{"error":"Missing password"}[0m
[32m2025-06-17 13:23:11,626 - INFO - ------------------------------------------------------------[0m
[32m2025-06-17 13:23:11,634 - INFO - ã€è¯·æ±‚æ–¹æ³•ã€‘POST[0m
[32m2025-06-17 13:23:11,635 - INFO - ã€è¯·æ±‚åœ°å€ã€‘https://reqres.in/api/register[0m
[32m2025-06-17 13:23:11,635 - INFO - ã€è¯·æ±‚å‚æ•°ã€‘{'headers': {'x-api-key': 'reqres-free-v1', 'Content-Type': 'application/json'}, 'json': {'email': None, 'password': 'pistol'}}[0m
[32m2025-06-17 13:23:13,263 - INFO - ã€å“åº”çŠ¶æ€ç ã€‘400[0m
[32m2025-06-17 13:23:13,264 - INFO - ã€å“åº”å†…å®¹ã€‘{"error":"Missing email or username"}[0m
[32m2025-06-17 13:23:13,264 - INFO - ------------------------------------------------------------[0m
[32m2025-06-17 13:23:13,270 - INFO - ã€è¯·æ±‚æ–¹æ³•ã€‘POST[0m
[32m2025-06-17 13:23:13,271 - INFO - ã€è¯·æ±‚åœ°å€ã€‘https://reqres.in/api/register[0m
[32m2025-06-17 13:23:13,272 - INFO - ã€è¯·æ±‚å‚æ•°ã€‘{'headers': {'x-api-key': 'reqres-free-v1', 'Content-Type': 'application/json'}, 'json': {'email': 'invalid@email.com', 'password': 123456}}[0m
[32m2025-06-17 13:23:14,902 - INFO - ã€å“åº”çŠ¶æ€ç ã€‘400[0m
[32m2025-06-17 13:23:14,903 - INFO - ã€å“åº”å†…å®¹ã€‘{"error":"Note: Only defined users succeed registration"}[0m
[32m2025-06-17 13:23:14,904 - INFO - ------------------------------------------------------------[0m
